{"meta": {"format": 3, "version": "7.13.0", "timestamp": "2025-12-22T10:56:19.690187", "branch_coverage": false, "show_contexts": false}, "files": {"resonance/__init__.py": {"executed_lines": [1, 7], "summary": {"covered_lines": 1, "num_statements": 1, "percent_covered": 100.0, "percent_covered_display": "100", "missing_lines": 0, "excluded_lines": 0, "percent_statements_covered": 100.0, "percent_statements_covered_display": "100"}, "missing_lines": [], "excluded_lines": [], "functions": {"": {"executed_lines": [1, 7], "summary": {"covered_lines": 1, "num_statements": 1, "percent_covered": 100.0, "percent_covered_display": "100", "missing_lines": 0, "excluded_lines": 0, "percent_statements_covered": 100.0, "percent_statements_covered_display": "100"}, "missing_lines": [], "excluded_lines": []}}, "classes": {"": {"executed_lines": [1, 7], "summary": {"covered_lines": 1, "num_statements": 1, "percent_covered": 100.0, "percent_covered_display": "100", "missing_lines": 0, "excluded_lines": 0, "percent_statements_covered": 100.0, "percent_statements_covered_display": "100"}, "missing_lines": [], "excluded_lines": []}}}, "resonance/app.py": {"executed_lines": [], "summary": {"covered_lines": 0, "num_statements": 55, "percent_covered": 0.0, "percent_covered_display": "0", "missing_lines": 55, "excluded_lines": 0, "percent_statements_covered": 0.0, "percent_statements_covered_display": "0"}, "missing_lines": [3, 5, 6, 7, 9, 10, 11, 12, 13, 14, 15, 16, 17, 18, 19, 22, 25, 48, 49, 50, 51, 52, 53, 56, 59, 60, 61, 67, 68, 69, 74, 75, 76, 77, 86, 87, 88, 97, 98, 99, 100, 102, 105, 106, 107, 113, 119, 120, 121, 126, 128, 129, 131, 132, 152], "excluded_lines": [], "functions": {"ResonanceApp.__init__": {"executed_lines": [], "summary": {"covered_lines": 0, "num_statements": 32, "percent_covered": 0.0, "percent_covered_display": "0", "missing_lines": 32, "excluded_lines": 0, "percent_statements_covered": 0.0, "percent_statements_covered_display": "0"}, "missing_lines": [48, 49, 50, 51, 52, 53, 56, 59, 60, 61, 67, 68, 69, 74, 75, 76, 77, 86, 87, 88, 97, 98, 99, 100, 102, 105, 106, 107, 113, 119, 120, 121], "excluded_lines": []}, "ResonanceApp.close": {"executed_lines": [], "summary": {"covered_lines": 0, "num_statements": 2, "percent_covered": 0.0, "percent_covered_display": "0", "missing_lines": 2, "excluded_lines": 0, "percent_statements_covered": 0.0, "percent_statements_covered_display": "0"}, "missing_lines": [128, 129], "excluded_lines": []}, "ResonanceApp.from_env": {"executed_lines": [], "summary": {"covered_lines": 0, "num_statements": 1, "percent_covered": 0.0, "percent_covered_display": "0", "missing_lines": 1, "excluded_lines": 0, "percent_statements_covered": 0.0, "percent_statements_covered_display": "0"}, "missing_lines": [152], "excluded_lines": []}, "": {"executed_lines": [], "summary": {"covered_lines": 0, "num_statements": 20, "percent_covered": 0.0, "percent_covered_display": "0", "missing_lines": 20, "excluded_lines": 0, "percent_statements_covered": 0.0, "percent_statements_covered_display": "0"}, "missing_lines": [3, 5, 6, 7, 9, 10, 11, 12, 13, 14, 15, 16, 17, 18, 19, 22, 25, 126, 131, 132], "excluded_lines": []}}, "classes": {"ResonanceApp": {"executed_lines": [], "summary": {"covered_lines": 0, "num_statements": 35, "percent_covered": 0.0, "percent_covered_display": "0", "missing_lines": 35, "excluded_lines": 0, "percent_statements_covered": 0.0, "percent_statements_covered_display": "0"}, "missing_lines": [48, 49, 50, 51, 52, 53, 56, 59, 60, 61, 67, 68, 69, 74, 75, 76, 77, 86, 87, 88, 97, 98, 99, 100, 102, 105, 106, 107, 113, 119, 120, 121, 128, 129, 152], "excluded_lines": []}, "": {"executed_lines": [], "summary": {"covered_lines": 0, "num_statements": 20, "percent_covered": 0.0, "percent_covered_display": "0", "missing_lines": 20, "excluded_lines": 0, "percent_statements_covered": 0.0, "percent_statements_covered_display": "0"}, "missing_lines": [3, 5, 6, 7, 9, 10, 11, 12, 13, 14, 15, 16, 17, 18, 19, 22, 25, 126, 131, 132], "excluded_lines": []}}}, "resonance/cli.py": {"executed_lines": [1, 3, 5, 6, 7, 10, 12, 16, 22, 25, 29, 34, 40, 46, 50, 55, 61, 66, 72, 76, 82, 87, 94, 98, 103, 109, 113, 118, 123, 132, 136, 141, 146, 152, 157, 163, 165, 169, 171, 179, 187, 195, 198, 199, 201, 202, 203, 204, 205, 207, 209, 210, 212, 213, 214, 215, 216, 218, 222, 223, 225, 226, 229], "summary": {"covered_lines": 58, "num_statements": 85, "percent_covered": 68.23529411764706, "percent_covered_display": "68", "missing_lines": 27, "excluded_lines": 4, "percent_statements_covered": 68.23529411764706, "percent_statements_covered_display": "68"}, "missing_lines": [166, 167, 172, 173, 174, 175, 176, 178, 180, 181, 182, 183, 184, 186, 188, 189, 190, 191, 192, 194, 196, 197, 200, 211, 220, 221, 230], "excluded_lines": [222, 223, 225, 226], "functions": {"main": {"executed_lines": [12, 16, 22, 25, 29, 34, 40, 46, 50, 55, 61, 66, 72, 76, 82, 87, 94, 98, 103, 109, 113, 118, 123, 132, 136, 141, 146, 152, 157, 163, 165, 169, 171, 179, 187, 195, 198, 199, 201, 202, 203, 204, 205, 207, 209, 210, 212, 213, 214, 215, 216, 218, 222, 223, 225, 226], "summary": {"covered_lines": 52, "num_statements": 78, "percent_covered": 66.66666666666667, "percent_covered_display": "67", "missing_lines": 26, "excluded_lines": 4, "percent_statements_covered": 66.66666666666667, "percent_statements_covered_display": "67"}, "missing_lines": [166, 167, 172, 173, 174, 175, 176, 178, 180, 181, 182, 183, 184, 186, 188, 189, 190, 191, 192, 194, 196, 197, 200, 211, 220, 221], "excluded_lines": [222, 223, 225, 226]}, "": {"executed_lines": [1, 3, 5, 6, 7, 10, 229], "summary": {"covered_lines": 6, "num_statements": 7, "percent_covered": 85.71428571428571, "percent_covered_display": "86", "missing_lines": 1, "excluded_lines": 0, "percent_statements_covered": 85.71428571428571, "percent_statements_covered_display": "86"}, "missing_lines": [230], "excluded_lines": []}}, "classes": {"": {"executed_lines": [1, 3, 5, 6, 7, 10, 12, 16, 22, 25, 29, 34, 40, 46, 50, 55, 61, 66, 72, 76, 82, 87, 94, 98, 103, 109, 113, 118, 123, 132, 136, 141, 146, 152, 157, 163, 165, 169, 171, 179, 187, 195, 198, 199, 201, 202, 203, 204, 205, 207, 209, 210, 212, 213, 214, 215, 216, 218, 222, 223, 225, 226, 229], "summary": {"covered_lines": 58, "num_statements": 85, "percent_covered": 68.23529411764706, "percent_covered_display": "68", "missing_lines": 27, "excluded_lines": 4, "percent_statements_covered": 68.23529411764706, "percent_statements_covered_display": "68"}, "missing_lines": [166, 167, 172, 173, 174, 175, 176, 178, 180, 181, 182, 183, 184, 186, 188, 189, 190, 191, 192, 194, 196, 197, 200, 211, 220, 221, 230], "excluded_lines": [222, 223, 225, 226]}}}, "resonance/commands/__init__.py": {"executed_lines": [0], "summary": {"covered_lines": 0, "num_statements": 0, "percent_covered": 100.0, "percent_covered_display": "100", "missing_lines": 0, "excluded_lines": 0, "percent_statements_covered": 100.0, "percent_statements_covered_display": "100"}, "missing_lines": [], "excluded_lines": [], "functions": {"": {"executed_lines": [], "summary": {"covered_lines": 0, "num_statements": 0, "percent_covered": 100.0, "percent_covered_display": "100", "missing_lines": 0, "excluded_lines": 0, "percent_statements_covered": 100.0, "percent_statements_covered_display": "100"}, "missing_lines": [], "excluded_lines": []}}, "classes": {"": {"executed_lines": [], "summary": {"covered_lines": 0, "num_statements": 0, "percent_covered": 100.0, "percent_covered_display": "100", "missing_lines": 0, "excluded_lines": 0, "percent_statements_covered": 100.0, "percent_statements_covered_display": "100"}, "missing_lines": [], "excluded_lines": []}}}, "resonance/commands/apply.py": {"executed_lines": [1, 3, 5, 6, 7, 9, 10, 11, 12, 13, 14, 17, 26, 27, 28, 33, 34, 35, 44, 53, 62, 63, 64, 65, 66, 70, 80, 87], "summary": {"covered_lines": 27, "num_statements": 46, "percent_covered": 58.69565217391305, "percent_covered_display": "59", "missing_lines": 19, "excluded_lines": 0, "percent_statements_covered": 58.69565217391305, "percent_statements_covered_display": "59"}, "missing_lines": [36, 43, 45, 52, 54, 61, 71, 88, 89, 90, 91, 92, 93, 94, 101, 102, 111, 112, 119], "excluded_lines": [], "functions": {"run_apply": {"executed_lines": [26, 27, 28, 33, 34, 35, 44, 53, 62, 63, 64, 65, 66, 70, 80, 87], "summary": {"covered_lines": 16, "num_statements": 35, "percent_covered": 45.714285714285715, "percent_covered_display": "46", "missing_lines": 19, "excluded_lines": 0, "percent_statements_covered": 45.714285714285715, "percent_statements_covered_display": "46"}, "missing_lines": [36, 43, 45, 52, 54, 61, 71, 88, 89, 90, 91, 92, 93, 94, 101, 102, 111, 112, 119], "excluded_lines": []}, "": {"executed_lines": [1, 3, 5, 6, 7, 9, 10, 11, 12, 13, 14, 17], "summary": {"covered_lines": 11, "num_statements": 11, "percent_covered": 100.0, "percent_covered_display": "100", "missing_lines": 0, "excluded_lines": 0, "percent_statements_covered": 100.0, "percent_statements_covered_display": "100"}, "missing_lines": [], "excluded_lines": []}}, "classes": {"": {"executed_lines": [1, 3, 5, 6, 7, 9, 10, 11, 12, 13, 14, 17, 26, 27, 28, 33, 34, 35, 44, 53, 62, 63, 64, 65, 66, 70, 80, 87], "summary": {"covered_lines": 27, "num_statements": 46, "percent_covered": 58.69565217391305, "percent_covered_display": "59", "missing_lines": 19, "excluded_lines": 0, "percent_statements_covered": 58.69565217391305, "percent_statements_covered_display": "59"}, "missing_lines": [36, 43, 45, 52, 54, 61, 71, 88, 89, 90, 91, 92, 93, 94, 101, 102, 111, 112, 119], "excluded_lines": []}}}, "resonance/commands/audit.py": {"executed_lines": [1, 3, 6, 8, 9, 11, 18, 19, 20, 21], "summary": {"covered_lines": 9, "num_statements": 10, "percent_covered": 90.0, "percent_covered_display": "90", "missing_lines": 1, "excluded_lines": 0, "percent_statements_covered": 90.0, "percent_statements_covered_display": "90"}, "missing_lines": [10], "excluded_lines": [], "functions": {"run_audit": {"executed_lines": [8, 9, 11, 18, 19, 20, 21], "summary": {"covered_lines": 7, "num_statements": 8, "percent_covered": 87.5, "percent_covered_display": "88", "missing_lines": 1, "excluded_lines": 0, "percent_statements_covered": 87.5, "percent_statements_covered_display": "88"}, "missing_lines": [10], "excluded_lines": []}, "": {"executed_lines": [1, 3, 6], "summary": {"covered_lines": 2, "num_statements": 2, "percent_covered": 100.0, "percent_covered_display": "100", "missing_lines": 0, "excluded_lines": 0, "percent_statements_covered": 100.0, "percent_statements_covered_display": "100"}, "missing_lines": [], "excluded_lines": []}}, "classes": {"": {"executed_lines": [1, 3, 6, 8, 9, 11, 18, 19, 20, 21], "summary": {"covered_lines": 9, "num_statements": 10, "percent_covered": 90.0, "percent_covered_display": "90", "missing_lines": 1, "excluded_lines": 0, "percent_statements_covered": 90.0, "percent_statements_covered_display": "90"}, "missing_lines": [10], "excluded_lines": []}}}, "resonance/commands/doctor.py": {"executed_lines": [1, 3, 5, 7, 8, 10, 14, 15, 16, 22, 23, 24, 29, 30, 31, 38], "summary": {"covered_lines": 15, "num_statements": 19, "percent_covered": 78.94736842105263, "percent_covered_display": "79", "missing_lines": 4, "excluded_lines": 0, "percent_statements_covered": 78.94736842105263, "percent_statements_covered_display": "79"}, "missing_lines": [25, 26, 27, 28], "excluded_lines": [], "functions": {"run_doctor": {"executed_lines": [14, 15, 16, 22, 23, 24, 29, 30, 31, 38], "summary": {"covered_lines": 10, "num_statements": 14, "percent_covered": 71.42857142857143, "percent_covered_display": "71", "missing_lines": 4, "excluded_lines": 0, "percent_statements_covered": 71.42857142857143, "percent_statements_covered_display": "71"}, "missing_lines": [25, 26, 27, 28], "excluded_lines": []}, "": {"executed_lines": [1, 3, 5, 7, 8, 10], "summary": {"covered_lines": 5, "num_statements": 5, "percent_covered": 100.0, "percent_covered_display": "100", "missing_lines": 0, "excluded_lines": 0, "percent_statements_covered": 100.0, "percent_statements_covered_display": "100"}, "missing_lines": [], "excluded_lines": []}}, "classes": {"": {"executed_lines": [1, 3, 5, 7, 8, 10, 14, 15, 16, 22, 23, 24, 29, 30, 31, 38], "summary": {"covered_lines": 15, "num_statements": 19, "percent_covered": 78.94736842105263, "percent_covered_display": "79", "missing_lines": 4, "excluded_lines": 0, "percent_statements_covered": 78.94736842105263, "percent_statements_covered_display": "79"}, "missing_lines": [25, 26, 27, 28], "excluded_lines": []}}}, "resonance/commands/identify.py": {"executed_lines": [], "summary": {"covered_lines": 0, "num_statements": 26, "percent_covered": 0.0, "percent_covered_display": "0", "missing_lines": 26, "excluded_lines": 0, "percent_statements_covered": 0.0, "percent_statements_covered_display": "0"}, "missing_lines": [3, 5, 6, 8, 9, 16, 19, 20, 35, 40, 53, 61, 62, 63, 64, 65, 75, 77, 78, 89, 91, 92, 93, 94, 95, 106], "excluded_lines": [], "functions": {"_format_candidates": {"executed_lines": [], "summary": {"covered_lines": 0, "num_statements": 1, "percent_covered": 0.0, "percent_covered_display": "0", "missing_lines": 1, "excluded_lines": 0, "percent_statements_covered": 0.0, "percent_statements_covered_display": "0"}, "missing_lines": [20], "excluded_lines": []}, "_identify_payload": {"executed_lines": [], "summary": {"covered_lines": 0, "num_statements": 1, "percent_covered": 0.0, "percent_covered_display": "0", "missing_lines": 1, "excluded_lines": 0, "percent_statements_covered": 0.0, "percent_statements_covered_display": "0"}, "missing_lines": [40], "excluded_lines": []}, "run_identify": {"executed_lines": [], "summary": {"covered_lines": 0, "num_statements": 15, "percent_covered": 0.0, "percent_covered_display": "0", "missing_lines": 15, "excluded_lines": 0, "percent_statements_covered": 0.0, "percent_statements_covered_display": "0"}, "missing_lines": [61, 62, 63, 64, 65, 75, 77, 78, 89, 91, 92, 93, 94, 95, 106], "excluded_lines": []}, "": {"executed_lines": [], "summary": {"covered_lines": 0, "num_statements": 9, "percent_covered": 0.0, "percent_covered_display": "0", "missing_lines": 9, "excluded_lines": 0, "percent_statements_covered": 0.0, "percent_statements_covered_display": "0"}, "missing_lines": [3, 5, 6, 8, 9, 16, 19, 35, 53], "excluded_lines": []}}, "classes": {"": {"executed_lines": [], "summary": {"covered_lines": 0, "num_statements": 26, "percent_covered": 0.0, "percent_covered_display": "0", "missing_lines": 26, "excluded_lines": 0, "percent_statements_covered": 0.0, "percent_statements_covered_display": "0"}, "missing_lines": [3, 5, 6, 8, 9, 16, 19, 20, 35, 40, 53, 61, 62, 63, 64, 65, 75, 77, 78, 89, 91, 92, 93, 94, 95, 106], "excluded_lines": []}}}, "resonance/commands/output.py": {"executed_lines": [1, 3, 5, 6, 8, 11, 20, 21, 26, 34, 35, 36], "summary": {"covered_lines": 11, "num_statements": 11, "percent_covered": 100.0, "percent_covered_display": "100", "missing_lines": 0, "excluded_lines": 0, "percent_statements_covered": 100.0, "percent_statements_covered_display": "100"}, "missing_lines": [], "excluded_lines": [], "functions": {"emit_output": {"executed_lines": [20, 21, 26, 34, 35, 36], "summary": {"covered_lines": 6, "num_statements": 6, "percent_covered": 100.0, "percent_covered_display": "100", "missing_lines": 0, "excluded_lines": 0, "percent_statements_covered": 100.0, "percent_statements_covered_display": "100"}, "missing_lines": [], "excluded_lines": []}, "": {"executed_lines": [1, 3, 5, 6, 8, 11], "summary": {"covered_lines": 5, "num_statements": 5, "percent_covered": 100.0, "percent_covered_display": "100", "missing_lines": 0, "excluded_lines": 0, "percent_statements_covered": 100.0, "percent_statements_covered_display": "100"}, "missing_lines": [], "excluded_lines": []}}, "classes": {"": {"executed_lines": [1, 3, 5, 6, 8, 11, 20, 21, 26, 34, 35, 36], "summary": {"covered_lines": 11, "num_statements": 11, "percent_covered": 100.0, "percent_covered_display": "100", "missing_lines": 0, "excluded_lines": 0, "percent_statements_covered": 100.0, "percent_statements_covered_display": "100"}, "missing_lines": [], "excluded_lines": []}}}, "resonance/commands/plan.py": {"executed_lines": [1, 3, 5, 6, 8, 9, 10, 11, 12, 13, 16, 28], "summary": {"covered_lines": 11, "num_statements": 27, "percent_covered": 40.74074074074074, "percent_covered_display": "41", "missing_lines": 16, "excluded_lines": 0, "percent_statements_covered": 40.74074074074074, "percent_statements_covered_display": "41"}, "missing_lines": [17, 37, 38, 39, 40, 42, 43, 44, 45, 46, 51, 52, 54, 56, 57, 67], "excluded_lines": [], "functions": {"_plan_payload": {"executed_lines": [], "summary": {"covered_lines": 0, "num_statements": 1, "percent_covered": 0.0, "percent_covered_display": "0", "missing_lines": 1, "excluded_lines": 0, "percent_statements_covered": 0.0, "percent_statements_covered_display": "0"}, "missing_lines": [17], "excluded_lines": []}, "run_plan": {"executed_lines": [], "summary": {"covered_lines": 0, "num_statements": 15, "percent_covered": 0.0, "percent_covered_display": "0", "missing_lines": 15, "excluded_lines": 0, "percent_statements_covered": 0.0, "percent_statements_covered_display": "0"}, "missing_lines": [37, 38, 39, 40, 42, 43, 44, 45, 46, 51, 52, 54, 56, 57, 67], "excluded_lines": []}, "": {"executed_lines": [1, 3, 5, 6, 8, 9, 10, 11, 12, 13, 16, 28], "summary": {"covered_lines": 11, "num_statements": 11, "percent_covered": 100.0, "percent_covered_display": "100", "missing_lines": 0, "excluded_lines": 0, "percent_statements_covered": 100.0, "percent_statements_covered_display": "100"}, "missing_lines": [], "excluded_lines": []}}, "classes": {"": {"executed_lines": [1, 3, 5, 6, 8, 9, 10, 11, 12, 13, 16, 28], "summary": {"covered_lines": 11, "num_statements": 27, "percent_covered": 40.74074074074074, "percent_covered_display": "41", "missing_lines": 16, "excluded_lines": 0, "percent_statements_covered": 40.74074074074074, "percent_statements_covered_display": "41"}, "missing_lines": [17, 37, 38, 39, 40, 42, 43, 44, 45, 46, 51, 52, 54, 56, 57, 67], "excluded_lines": []}}}, "resonance/commands/prompt.py": {"executed_lines": [1, 3, 5, 7, 8, 9, 10, 13, 22, 23, 27, 29, 30, 35, 37, 39, 40, 41, 43, 44, 45, 46, 47, 48, 49, 50, 51, 52, 53, 59, 61, 62, 64, 72, 73, 75, 76, 77, 78, 79, 80, 81, 82, 83, 84, 85, 91, 92, 93, 94, 95, 101, 114, 123, 124, 130, 131, 134, 142], "summary": {"covered_lines": 58, "num_statements": 65, "percent_covered": 89.23076923076923, "percent_covered_display": "89", "missing_lines": 7, "excluded_lines": 0, "percent_statements_covered": 89.23076923076923, "percent_statements_covered_display": "89"}, "missing_lines": [36, 38, 102, 103, 104, 105, 111], "excluded_lines": [], "functions": {"run_prompt_uncertain": {"executed_lines": [22, 23, 27, 29, 30, 35, 37, 39, 40, 41, 43, 44, 45, 46, 47, 48, 49, 50, 51, 52, 53, 59, 61, 62, 64, 72, 73, 75, 76, 77, 78, 79, 80, 81, 82, 83, 84, 85, 91, 92, 93, 94, 95, 101], "summary": {"covered_lines": 44, "num_statements": 51, "percent_covered": 86.27450980392157, "percent_covered_display": "86", "missing_lines": 7, "excluded_lines": 0, "percent_statements_covered": 86.27450980392157, "percent_statements_covered_display": "86"}, "missing_lines": [36, 38, 102, 103, 104, 105, 111], "excluded_lines": []}, "run_prompt": {"executed_lines": [123, 124, 130, 134, 142], "summary": {"covered_lines": 5, "num_statements": 5, "percent_covered": 100.0, "percent_covered_display": "100", "missing_lines": 0, "excluded_lines": 0, "percent_statements_covered": 100.0, "percent_statements_covered_display": "100"}, "missing_lines": [], "excluded_lines": []}, "run_prompt.evidence_builder": {"executed_lines": [131], "summary": {"covered_lines": 1, "num_statements": 1, "percent_covered": 100.0, "percent_covered_display": "100", "missing_lines": 0, "excluded_lines": 0, "percent_statements_covered": 100.0, "percent_statements_covered_display": "100"}, "missing_lines": [], "excluded_lines": []}, "": {"executed_lines": [1, 3, 5, 7, 8, 9, 10, 13, 114], "summary": {"covered_lines": 8, "num_statements": 8, "percent_covered": 100.0, "percent_covered_display": "100", "missing_lines": 0, "excluded_lines": 0, "percent_statements_covered": 100.0, "percent_statements_covered_display": "100"}, "missing_lines": [], "excluded_lines": []}}, "classes": {"": {"executed_lines": [1, 3, 5, 7, 8, 9, 10, 13, 22, 23, 27, 29, 30, 35, 37, 39, 40, 41, 43, 44, 45, 46, 47, 48, 49, 50, 51, 52, 53, 59, 61, 62, 64, 72, 73, 75, 76, 77, 78, 79, 80, 81, 82, 83, 84, 85, 91, 92, 93, 94, 95, 101, 114, 123, 124, 130, 131, 134, 142], "summary": {"covered_lines": 58, "num_statements": 65, "percent_covered": 89.23076923076923, "percent_covered_display": "89", "missing_lines": 7, "excluded_lines": 0, "percent_statements_covered": 89.23076923076923, "percent_statements_covered_display": "89"}, "missing_lines": [36, 38, 102, 103, 104, 105, 111], "excluded_lines": []}}}, "resonance/commands/resolve.py": {"executed_lines": [1, 3, 5, 6, 8, 9, 10, 11, 12, 13, 14, 17, 19, 32, 34, 41, 43, 45, 47, 49, 50, 52, 55, 63, 66, 67, 69, 70, 71, 78, 84, 86, 87, 88, 89, 90, 91, 93, 94, 96, 98, 105, 108, 118, 120, 121, 126, 128, 129, 130, 138, 149, 161], "summary": {"covered_lines": 52, "num_statements": 60, "percent_covered": 86.66666666666667, "percent_covered_display": "87", "missing_lines": 8, "excluded_lines": 0, "percent_statements_covered": 86.66666666666667, "percent_statements_covered_display": "87"}, "missing_lines": [42, 44, 46, 48, 64, 119, 122, 123], "excluded_lines": [], "functions": {"_error_payload": {"executed_lines": [19], "summary": {"covered_lines": 1, "num_statements": 1, "percent_covered": 100.0, "percent_covered_display": "100", "missing_lines": 0, "excluded_lines": 0, "percent_statements_covered": 100.0, "percent_statements_covered_display": "100"}, "missing_lines": [], "excluded_lines": []}, "_resolve_item": {"executed_lines": [34, 41, 43, 45, 47, 49, 50, 52], "summary": {"covered_lines": 8, "num_statements": 12, "percent_covered": 66.66666666666667, "percent_covered_display": "67", "missing_lines": 4, "excluded_lines": 0, "percent_statements_covered": 66.66666666666667, "percent_statements_covered_display": "67"}, "missing_lines": [42, 44, 46, 48], "excluded_lines": []}, "run_resolve": {"executed_lines": [63, 66, 67, 69, 70, 71, 78, 84, 86, 87, 88, 89, 90, 91, 93, 94, 96, 98, 105, 108, 118, 120, 121, 126, 128, 129, 130, 138, 149, 161], "summary": {"covered_lines": 30, "num_statements": 34, "percent_covered": 88.23529411764706, "percent_covered_display": "88", "missing_lines": 4, "excluded_lines": 0, "percent_statements_covered": 88.23529411764706, "percent_statements_covered_display": "88"}, "missing_lines": [64, 119, 122, 123], "excluded_lines": []}, "": {"executed_lines": [1, 3, 5, 6, 8, 9, 10, 11, 12, 13, 14, 17, 32, 55], "summary": {"covered_lines": 13, "num_statements": 13, "percent_covered": 100.0, "percent_covered_display": "100", "missing_lines": 0, "excluded_lines": 0, "percent_statements_covered": 100.0, "percent_statements_covered_display": "100"}, "missing_lines": [], "excluded_lines": []}}, "classes": {"": {"executed_lines": [1, 3, 5, 6, 8, 9, 10, 11, 12, 13, 14, 17, 19, 32, 34, 41, 43, 45, 47, 49, 50, 52, 55, 63, 66, 67, 69, 70, 71, 78, 84, 86, 87, 88, 89, 90, 91, 93, 94, 96, 98, 105, 108, 118, 120, 121, 126, 128, 129, 130, 138, 149, 161], "summary": {"covered_lines": 52, "num_statements": 60, "percent_covered": 86.66666666666667, "percent_covered_display": "87", "missing_lines": 8, "excluded_lines": 0, "percent_statements_covered": 86.66666666666667, "percent_statements_covered_display": "87"}, "missing_lines": [42, 44, 46, 48, 64, 119, 122, 123], "excluded_lines": []}}}, "resonance/commands/rollback.py": {"executed_lines": [1, 3, 5, 6, 9, 13, 14, 18, 19, 20, 21, 22, 23, 24, 25, 26, 27, 28, 29, 30, 31, 32, 35], "summary": {"covered_lines": 22, "num_statements": 22, "percent_covered": 100.0, "percent_covered_display": "100", "missing_lines": 0, "excluded_lines": 0, "percent_statements_covered": 100.0, "percent_statements_covered_display": "100"}, "missing_lines": [], "excluded_lines": [], "functions": {"run_rollback": {"executed_lines": [13, 14, 18, 19, 20, 21, 22, 23, 24, 25, 26, 27, 28, 29, 30, 31, 32, 35], "summary": {"covered_lines": 18, "num_statements": 18, "percent_covered": 100.0, "percent_covered_display": "100", "missing_lines": 0, "excluded_lines": 0, "percent_statements_covered": 100.0, "percent_statements_covered_display": "100"}, "missing_lines": [], "excluded_lines": []}, "": {"executed_lines": [1, 3, 5, 6, 9], "summary": {"covered_lines": 4, "num_statements": 4, "percent_covered": 100.0, "percent_covered_display": "100", "missing_lines": 0, "excluded_lines": 0, "percent_statements_covered": 100.0, "percent_statements_covered_display": "100"}, "missing_lines": [], "excluded_lines": []}}, "classes": {"": {"executed_lines": [1, 3, 5, 6, 9, 13, 14, 18, 19, 20, 21, 22, 23, 24, 25, 26, 27, 28, 29, 30, 31, 32, 35], "summary": {"covered_lines": 22, "num_statements": 22, "percent_covered": 100.0, "percent_covered_display": "100", "missing_lines": 0, "excluded_lines": 0, "percent_statements_covered": 100.0, "percent_statements_covered_display": "100"}, "missing_lines": [], "excluded_lines": []}}}, "resonance/commands/scan.py": {"executed_lines": [1, 3, 5, 6, 7, 8, 10, 11, 12, 13, 14, 17, 18, 19, 21, 22, 25, 26, 29, 30, 31, 32, 33, 34, 35, 38, 39, 52, 60, 62, 63, 64, 65, 66, 73, 75, 76, 77, 78, 79, 80, 81, 83, 84, 85, 86, 87, 92, 94, 96, 102, 114, 124, 135], "summary": {"covered_lines": 53, "num_statements": 57, "percent_covered": 92.98245614035088, "percent_covered_display": "93", "missing_lines": 4, "excluded_lines": 0, "percent_statements_covered": 92.98245614035088, "percent_statements_covered_display": "93"}, "missing_lines": [20, 23, 24, 61], "excluded_lines": [], "functions": {"_read_duration_seconds": {"executed_lines": [18, 19, 21, 22, 25, 26], "summary": {"covered_lines": 6, "num_statements": 9, "percent_covered": 66.66666666666667, "percent_covered_display": "67", "missing_lines": 3, "excluded_lines": 0, "percent_statements_covered": 66.66666666666667, "percent_statements_covered_display": "67"}, "missing_lines": [20, 23, 24], "excluded_lines": []}, "_duration_total": {"executed_lines": [30, 31, 32, 33, 34, 35], "summary": {"covered_lines": 6, "num_statements": 6, "percent_covered": 100.0, "percent_covered_display": "100", "missing_lines": 0, "excluded_lines": 0, "percent_statements_covered": 100.0, "percent_statements_covered_display": "100"}, "missing_lines": [], "excluded_lines": []}, "_error_payload": {"executed_lines": [39], "summary": {"covered_lines": 1, "num_statements": 1, "percent_covered": 100.0, "percent_covered_display": "100", "missing_lines": 0, "excluded_lines": 0, "percent_statements_covered": 100.0, "percent_statements_covered_display": "100"}, "missing_lines": [], "excluded_lines": []}, "run_scan": {"executed_lines": [60, 62, 63, 64, 65, 66, 73, 75, 76, 77, 78, 79, 80, 81, 83, 84, 85, 86, 87, 92, 94, 96, 102, 114, 124, 135], "summary": {"covered_lines": 26, "num_statements": 27, "percent_covered": 96.29629629629629, "percent_covered_display": "96", "missing_lines": 1, "excluded_lines": 0, "percent_statements_covered": 96.29629629629629, "percent_statements_covered_display": "96"}, "missing_lines": [61], "excluded_lines": []}, "": {"executed_lines": [1, 3, 5, 6, 7, 8, 10, 11, 12, 13, 14, 17, 29, 38, 52], "summary": {"covered_lines": 14, "num_statements": 14, "percent_covered": 100.0, "percent_covered_display": "100", "missing_lines": 0, "excluded_lines": 0, "percent_statements_covered": 100.0, "percent_statements_covered_display": "100"}, "missing_lines": [], "excluded_lines": []}}, "classes": {"": {"executed_lines": [1, 3, 5, 6, 7, 8, 10, 11, 12, 13, 14, 17, 18, 19, 21, 22, 25, 26, 29, 30, 31, 32, 33, 34, 35, 38, 39, 52, 60, 62, 63, 64, 65, 66, 73, 75, 76, 77, 78, 79, 80, 81, 83, 84, 85, 86, 87, 92, 94, 96, 102, 114, 124, 135], "summary": {"covered_lines": 53, "num_statements": 57, "percent_covered": 92.98245614035088, "percent_covered_display": "93", "missing_lines": 4, "excluded_lines": 0, "percent_statements_covered": 92.98245614035088, "percent_statements_covered_display": "93"}, "missing_lines": [20, 23, 24, 61], "excluded_lines": []}}}, "resonance/commands/stability.py": {"executed_lines": [1, 3, 5, 8, 10, 11, 12, 13, 14, 15, 17], "summary": {"covered_lines": 10, "num_statements": 11, "percent_covered": 90.9090909090909, "percent_covered_display": "91", "missing_lines": 1, "excluded_lines": 0, "percent_statements_covered": 90.9090909090909, "percent_statements_covered_display": "91"}, "missing_lines": [16], "excluded_lines": [], "functions": {"run_stability_report": {"executed_lines": [10, 11, 12, 13, 14, 15, 17], "summary": {"covered_lines": 7, "num_statements": 8, "percent_covered": 87.5, "percent_covered_display": "88", "missing_lines": 1, "excluded_lines": 0, "percent_statements_covered": 87.5, "percent_statements_covered_display": "88"}, "missing_lines": [16], "excluded_lines": []}, "": {"executed_lines": [1, 3, 5, 8], "summary": {"covered_lines": 3, "num_statements": 3, "percent_covered": 100.0, "percent_covered_display": "100", "missing_lines": 0, "excluded_lines": 0, "percent_statements_covered": 100.0, "percent_statements_covered_display": "100"}, "missing_lines": [], "excluded_lines": []}}, "classes": {"": {"executed_lines": [1, 3, 5, 8, 10, 11, 12, 13, 14, 15, 17], "summary": {"covered_lines": 10, "num_statements": 11, "percent_covered": 90.9090909090909, "percent_covered_display": "91", "missing_lines": 1, "excluded_lines": 0, "percent_statements_covered": 90.9090909090909, "percent_statements_covered_display": "91"}, "missing_lines": [16], "excluded_lines": []}}}, "resonance/commands/unjail.py": {"executed_lines": [], "summary": {"covered_lines": 0, "num_statements": 3, "percent_covered": 0.0, "percent_covered_display": "0", "missing_lines": 3, "excluded_lines": 0, "percent_statements_covered": 0.0, "percent_statements_covered_display": "0"}, "missing_lines": [3, 6, 8], "excluded_lines": [], "functions": {"run_unjail": {"executed_lines": [], "summary": {"covered_lines": 0, "num_statements": 1, "percent_covered": 0.0, "percent_covered_display": "0", "missing_lines": 1, "excluded_lines": 0, "percent_statements_covered": 0.0, "percent_statements_covered_display": "0"}, "missing_lines": [8], "excluded_lines": []}, "": {"executed_lines": [], "summary": {"covered_lines": 0, "num_statements": 2, "percent_covered": 0.0, "percent_covered_display": "0", "missing_lines": 2, "excluded_lines": 0, "percent_statements_covered": 0.0, "percent_statements_covered_display": "0"}, "missing_lines": [3, 6], "excluded_lines": []}}, "classes": {"": {"executed_lines": [], "summary": {"covered_lines": 0, "num_statements": 3, "percent_covered": 0.0, "percent_covered_display": "0", "missing_lines": 3, "excluded_lines": 0, "percent_statements_covered": 0.0, "percent_statements_covered_display": "0"}, "missing_lines": [3, 6, 8], "excluded_lines": []}}}, "resonance/core/__init__.py": {"executed_lines": [0], "summary": {"covered_lines": 0, "num_statements": 0, "percent_covered": 100.0, "percent_covered_display": "100", "missing_lines": 0, "excluded_lines": 0, "percent_statements_covered": 100.0, "percent_statements_covered_display": "100"}, "missing_lines": [], "excluded_lines": [], "functions": {"": {"executed_lines": [], "summary": {"covered_lines": 0, "num_statements": 0, "percent_covered": 100.0, "percent_covered_display": "100", "missing_lines": 0, "excluded_lines": 0, "percent_statements_covered": 100.0, "percent_statements_covered_display": "100"}, "missing_lines": [], "excluded_lines": []}}, "classes": {"": {"executed_lines": [], "summary": {"covered_lines": 0, "num_statements": 0, "percent_covered": 100.0, "percent_covered_display": "100", "missing_lines": 0, "excluded_lines": 0, "percent_statements_covered": 100.0, "percent_statements_covered_display": "100"}, "missing_lines": [], "excluded_lines": []}}}, "resonance/core/applier.py": {"executed_lines": [1, 3, 5, 6, 7, 8, 9, 10, 11, 12, 13, 15, 16, 17, 18, 19, 25, 26, 27, 30, 31, 33, 34, 35, 36, 39, 40, 41, 42, 43, 44, 47, 48, 49, 50, 51, 52, 53, 56, 57, 58, 59, 60, 61, 62, 63, 64, 65, 66, 67, 68, 71, 72, 75, 76, 77, 78, 81, 82, 83, 84, 85, 89, 92, 93, 94, 96, 98, 101, 113, 114, 115, 116, 117, 118, 119, 120, 121, 122, 123, 124, 126, 129, 130, 133, 135, 137, 138, 140, 141, 142, 144, 146, 147, 151, 152, 153, 154, 155, 156, 157, 158, 159, 160, 163, 164, 165, 166, 167, 170, 171, 172, 173, 174, 175, 176, 177, 178, 179, 180, 181, 182, 183, 186, 193, 205, 206, 207, 208, 209, 210, 211, 213, 214, 216, 217, 218, 223, 224, 225, 226, 230, 234, 235, 236, 237, 243, 244, 245, 246, 248, 252, 253, 254, 256, 257, 258, 259, 260, 261, 262, 263, 264, 265, 270, 271, 272, 273, 274, 275, 276, 277, 278, 279, 280, 281, 282, 286, 291, 292, 293, 294, 295, 296, 297, 300, 305, 313, 314, 315, 324, 325, 326, 327, 328, 329, 330, 331, 334, 335, 348, 349, 350, 352, 353, 355, 356, 357, 358, 359, 360, 361, 363, 364, 365, 366, 369, 370, 371, 372, 373, 374, 375, 376, 377, 378, 383, 384, 385, 386, 388, 390, 391, 392, 405, 406, 408, 409, 410, 411, 412, 413, 414, 415, 416, 417, 418, 419, 421, 423, 425, 426, 427, 428, 429, 430, 431, 433, 434, 435, 436, 437, 438, 440, 441, 443, 444, 446, 447, 449, 450, 451, 452, 453, 454, 455, 456, 457, 458, 459, 460, 461, 462, 463, 465, 466, 467, 468, 483, 487, 488, 489, 490, 491, 505, 518, 519, 520, 521, 522, 523, 537, 550, 551, 552, 566, 579, 580, 582, 585, 586, 589, 590, 591, 595, 596, 597, 601, 602, 606, 607, 608, 609, 610, 611, 613, 614, 616, 619, 620, 621, 622, 623, 624, 627, 628, 629, 630, 631, 634, 635, 636, 638, 639, 640, 643, 644, 645, 646, 652, 653, 654, 655, 657, 658, 659, 660, 662, 663, 665, 666, 667, 668, 669, 672, 685, 686, 688, 689, 690, 691, 692, 693, 694, 695, 702, 703, 704, 705, 706, 707, 708, 709, 710, 711, 712, 713, 714, 715, 716, 719, 720, 728, 729, 730, 731, 732, 733, 734, 735, 736, 737, 738, 739, 752, 753, 755, 756, 757, 759, 760, 761, 762, 763, 764, 765, 769, 770, 772, 773, 786, 799, 800], "summary": {"covered_lines": 421, "num_statements": 467, "percent_covered": 90.14989293361884, "percent_covered_display": "90", "missing_lines": 46, "excluded_lines": 0, "percent_statements_covered": 90.14989293361884, "percent_statements_covered_display": "90"}, "missing_lines": [86, 95, 97, 102, 103, 110, 125, 136, 139, 143, 145, 148, 185, 215, 227, 228, 266, 269, 332, 333, 354, 362, 367, 368, 387, 422, 424, 432, 442, 492, 524, 553, 583, 587, 598, 599, 615, 617, 625, 626, 641, 647, 648, 649, 650, 651], "excluded_lines": [], "functions": {"_is_within": {"executed_lines": [76, 77, 78], "summary": {"covered_lines": 3, "num_statements": 3, "percent_covered": 100.0, "percent_covered_display": "100", "missing_lines": 0, "excluded_lines": 0, "percent_statements_covered": 100.0, "percent_statements_covered_display": "100"}, "missing_lines": [], "excluded_lines": []}, "_resolve_source_path": {"executed_lines": [82, 83, 84, 85], "summary": {"covered_lines": 4, "num_statements": 5, "percent_covered": 80.0, "percent_covered_display": "80", "missing_lines": 1, "excluded_lines": 0, "percent_statements_covered": 80.0, "percent_statements_covered_display": "80"}, "missing_lines": [86], "excluded_lines": []}, "_resolve_destination_path": {"executed_lines": [92, 93, 94, 96, 98], "summary": {"covered_lines": 5, "num_statements": 7, "percent_covered": 71.42857142857143, "percent_covered_display": "71", "missing_lines": 2, "excluded_lines": 0, "percent_statements_covered": 71.42857142857143, "percent_statements_covered_display": "71"}, "missing_lines": [95, 97], "excluded_lines": []}, "_collect_audio_files": {"executed_lines": [], "summary": {"covered_lines": 0, "num_statements": 3, "percent_covered": 0.0, "percent_covered_display": "0", "missing_lines": 3, "excluded_lines": 0, "percent_statements_covered": 0.0, "percent_statements_covered_display": "0"}, "missing_lines": [102, 103, 110], "excluded_lines": []}, "_cleanup_empty_dest_parents": {"executed_lines": [114, 115, 116, 117, 118, 119, 120, 121, 122, 123, 124, 126], "summary": {"covered_lines": 12, "num_statements": 13, "percent_covered": 92.3076923076923, "percent_covered_display": "92", "missing_lines": 1, "excluded_lines": 0, "percent_statements_covered": 92.3076923076923, "percent_statements_covered_display": "92"}, "missing_lines": [125], "excluded_lines": []}, "_sidecar_path": {"executed_lines": [130], "summary": {"covered_lines": 1, "num_statements": 1, "percent_covered": 100.0, "percent_covered_display": "100", "missing_lines": 0, "excluded_lines": 0, "percent_statements_covered": 100.0, "percent_statements_covered_display": "100"}, "missing_lines": [], "excluded_lines": []}, "_manual_rename_detected": {"executed_lines": [135, 137, 138, 140, 141, 142, 144, 146, 147], "summary": {"covered_lines": 9, "num_statements": 14, "percent_covered": 64.28571428571429, "percent_covered_display": "64", "missing_lines": 5, "excluded_lines": 0, "percent_statements_covered": 64.28571428571429, "percent_statements_covered_display": "64"}, "missing_lines": [136, 139, 143, 145, 148], "excluded_lines": []}, "_move_file": {"executed_lines": [152, 153, 154, 155, 156, 157, 158, 159, 160], "summary": {"covered_lines": 9, "num_statements": 9, "percent_covered": 100.0, "percent_covered_display": "100", "missing_lines": 0, "excluded_lines": 0, "percent_statements_covered": 100.0, "percent_statements_covered_display": "100"}, "missing_lines": [], "excluded_lines": []}, "_analyze_completion": {"executed_lines": [171, 172, 173, 174, 175, 176, 177, 178, 179, 180, 181, 182, 183, 186], "summary": {"covered_lines": 14, "num_statements": 15, "percent_covered": 93.33333333333333, "percent_covered_display": "93", "missing_lines": 1, "excluded_lines": 0, "percent_statements_covered": 93.33333333333333, "percent_statements_covered_display": "93"}, "missing_lines": [185], "excluded_lines": []}, "apply_plan": {"executed_lines": [205, 206, 207, 208, 209, 210, 211, 213, 223, 230, 248, 352, 390, 408, 409, 410, 411, 412, 413, 414, 415, 416, 417, 418, 419, 421, 423, 425, 426, 427, 428, 429, 430, 431, 433, 434, 435, 436, 437, 438, 440, 441, 443, 444, 446, 447, 449, 450, 451, 452, 453, 454, 455, 456, 457, 458, 459, 460, 461, 462, 463, 465, 466, 467, 468, 483, 487, 488, 489, 490, 491, 505, 518, 519, 520, 521, 522, 523, 537, 550, 551, 552, 566, 579, 580, 582, 585, 586, 589, 590, 591, 595, 596, 597, 601, 602, 606, 607, 608, 609, 610, 611, 613, 614, 616, 619, 620, 621, 622, 623, 624, 627, 628, 629, 630, 631, 634, 635, 636, 638, 639, 640, 643, 644, 645, 646, 652, 653, 654, 655, 657, 658, 659, 660, 662, 663, 665, 666, 667, 668, 669, 672, 685, 686, 688, 689, 690, 691, 692, 693, 694, 695, 702, 703, 704, 705, 706, 707, 708, 709, 710, 711, 712, 713, 714, 715, 716, 719, 720, 728, 729, 730, 731, 732, 733, 734, 735, 736, 737, 738, 739, 752, 753, 755, 756, 757, 759, 760, 761, 762, 763, 764, 765, 769, 770, 772, 773, 786, 799, 800], "summary": {"covered_lines": 200, "num_statements": 221, "percent_covered": 90.49773755656109, "percent_covered_display": "90", "missing_lines": 21, "excluded_lines": 0, "percent_statements_covered": 90.49773755656109, "percent_statements_covered_display": "90"}, "missing_lines": [422, 424, 432, 442, 492, 524, 553, 583, 587, 598, 599, 615, 617, 625, 626, 641, 647, 648, 649, 650, 651], "excluded_lines": []}, "apply_plan._warn_provenance_mismatch": {"executed_lines": [214, 216, 217, 218], "summary": {"covered_lines": 4, "num_statements": 5, "percent_covered": 80.0, "percent_covered_display": "80", "missing_lines": 1, "excluded_lines": 0, "percent_statements_covered": 80.0, "percent_statements_covered_display": "80"}, "missing_lines": [215], "excluded_lines": []}, "apply_plan._record_apply": {"executed_lines": [224, 225, 226], "summary": {"covered_lines": 3, "num_statements": 5, "percent_covered": 60.0, "percent_covered_display": "60", "missing_lines": 2, "excluded_lines": 0, "percent_statements_covered": 60.0, "percent_statements_covered_display": "60"}, "missing_lines": [227, 228], "excluded_lines": []}, "apply_plan._safe_set_state": {"executed_lines": [234, 235, 236, 237, 243, 244, 245, 246], "summary": {"covered_lines": 8, "num_statements": 8, "percent_covered": 100.0, "percent_covered_display": "100", "missing_lines": 0, "excluded_lines": 0, "percent_statements_covered": 100.0, "percent_statements_covered_display": "100"}, "missing_lines": [], "excluded_lines": []}, "apply_plan._run_tag_writes": {"executed_lines": [252, 253, 254, 256, 257, 258, 259, 260, 261, 262, 263, 264, 265, 270, 271, 272, 273, 274, 275, 276, 277, 278, 279, 280, 281, 282, 286, 291, 292, 293, 294, 295, 296, 297, 300, 305, 313, 314, 315, 324, 325, 326, 327, 328, 329, 330, 331, 334, 335, 348, 349, 350], "summary": {"covered_lines": 52, "num_statements": 56, "percent_covered": 92.85714285714286, "percent_covered_display": "93", "missing_lines": 4, "excluded_lines": 0, "percent_statements_covered": 92.85714285714286, "percent_statements_covered_display": "93"}, "missing_lines": [266, 269, 332, 333], "excluded_lines": []}, "apply_plan._tags_already_applied": {"executed_lines": [353, 355, 356, 357, 358, 359, 360, 361, 363, 364, 365, 366, 369, 370, 371, 372, 373, 374, 375, 376, 377, 378, 383, 384, 385, 386, 388], "summary": {"covered_lines": 27, "num_statements": 32, "percent_covered": 84.375, "percent_covered_display": "84", "missing_lines": 5, "excluded_lines": 0, "percent_statements_covered": 84.375, "percent_statements_covered_display": "84"}, "missing_lines": [354, 362, 367, 368, 387], "excluded_lines": []}, "apply_plan._fail": {"executed_lines": [391, 392, 405, 406], "summary": {"covered_lines": 4, "num_statements": 4, "percent_covered": 100.0, "percent_covered_display": "100", "missing_lines": 0, "excluded_lines": 0, "percent_statements_covered": 100.0, "percent_statements_covered_display": "100"}, "missing_lines": [], "excluded_lines": []}, "": {"executed_lines": [1, 3, 5, 6, 7, 8, 9, 10, 11, 12, 13, 15, 16, 17, 18, 19, 25, 26, 27, 30, 31, 33, 34, 35, 36, 39, 40, 41, 42, 43, 44, 47, 48, 49, 50, 51, 52, 53, 56, 57, 58, 59, 60, 61, 62, 63, 64, 65, 66, 67, 68, 71, 72, 75, 81, 89, 101, 113, 129, 133, 151, 163, 164, 165, 166, 167, 170, 193], "summary": {"covered_lines": 66, "num_statements": 66, "percent_covered": 100.0, "percent_covered_display": "100", "missing_lines": 0, "excluded_lines": 0, "percent_statements_covered": 100.0, "percent_statements_covered_display": "100"}, "missing_lines": [], "excluded_lines": []}}, "classes": {"ApplyStatus": {"executed_lines": [], "summary": {"covered_lines": 0, "num_statements": 0, "percent_covered": 100.0, "percent_covered_display": "100", "missing_lines": 0, "excluded_lines": 0, "percent_statements_covered": 100.0, "percent_statements_covered_display": "100"}, "missing_lines": [], "excluded_lines": []}, "FileOpResult": {"executed_lines": [], "summary": {"covered_lines": 0, "num_statements": 0, "percent_covered": 100.0, "percent_covered_display": "100", "missing_lines": 0, "excluded_lines": 0, "percent_statements_covered": 100.0, "percent_statements_covered_display": "100"}, "missing_lines": [], "excluded_lines": []}, "TagOpResult": {"executed_lines": [], "summary": {"covered_lines": 0, "num_statements": 0, "percent_covered": 100.0, "percent_covered_display": "100", "missing_lines": 0, "excluded_lines": 0, "percent_statements_covered": 100.0, "percent_statements_covered_display": "100"}, "missing_lines": [], "excluded_lines": []}, "ApplyReport": {"executed_lines": [], "summary": {"covered_lines": 0, "num_statements": 0, "percent_covered": 100.0, "percent_covered_display": "100", "missing_lines": 0, "excluded_lines": 0, "percent_statements_covered": 100.0, "percent_statements_covered_display": "100"}, "missing_lines": [], "excluded_lines": []}, "CompletionAnalysis": {"executed_lines": [], "summary": {"covered_lines": 0, "num_statements": 0, "percent_covered": 100.0, "percent_covered_display": "100", "missing_lines": 0, "excluded_lines": 0, "percent_statements_covered": 100.0, "percent_statements_covered_display": "100"}, "missing_lines": [], "excluded_lines": []}, "": {"executed_lines": [1, 3, 5, 6, 7, 8, 9, 10, 11, 12, 13, 15, 16, 17, 18, 19, 25, 26, 27, 30, 31, 33, 34, 35, 36, 39, 40, 41, 42, 43, 44, 47, 48, 49, 50, 51, 52, 53, 56, 57, 58, 59, 60, 61, 62, 63, 64, 65, 66, 67, 68, 71, 72, 75, 76, 77, 78, 81, 82, 83, 84, 85, 89, 92, 93, 94, 96, 98, 101, 113, 114, 115, 116, 117, 118, 119, 120, 121, 122, 123, 124, 126, 129, 130, 133, 135, 137, 138, 140, 141, 142, 144, 146, 147, 151, 152, 153, 154, 155, 156, 157, 158, 159, 160, 163, 164, 165, 166, 167, 170, 171, 172, 173, 174, 175, 176, 177, 178, 179, 180, 181, 182, 183, 186, 193, 205, 206, 207, 208, 209, 210, 211, 213, 214, 216, 217, 218, 223, 224, 225, 226, 230, 234, 235, 236, 237, 243, 244, 245, 246, 248, 252, 253, 254, 256, 257, 258, 259, 260, 261, 262, 263, 264, 265, 270, 271, 272, 273, 274, 275, 276, 277, 278, 279, 280, 281, 282, 286, 291, 292, 293, 294, 295, 296, 297, 300, 305, 313, 314, 315, 324, 325, 326, 327, 328, 329, 330, 331, 334, 335, 348, 349, 350, 352, 353, 355, 356, 357, 358, 359, 360, 361, 363, 364, 365, 366, 369, 370, 371, 372, 373, 374, 375, 376, 377, 378, 383, 384, 385, 386, 388, 390, 391, 392, 405, 406, 408, 409, 410, 411, 412, 413, 414, 415, 416, 417, 418, 419, 421, 423, 425, 426, 427, 428, 429, 430, 431, 433, 434, 435, 436, 437, 438, 440, 441, 443, 444, 446, 447, 449, 450, 451, 452, 453, 454, 455, 456, 457, 458, 459, 460, 461, 462, 463, 465, 466, 467, 468, 483, 487, 488, 489, 490, 491, 505, 518, 519, 520, 521, 522, 523, 537, 550, 551, 552, 566, 579, 580, 582, 585, 586, 589, 590, 591, 595, 596, 597, 601, 602, 606, 607, 608, 609, 610, 611, 613, 614, 616, 619, 620, 621, 622, 623, 624, 627, 628, 629, 630, 631, 634, 635, 636, 638, 639, 640, 643, 644, 645, 646, 652, 653, 654, 655, 657, 658, 659, 660, 662, 663, 665, 666, 667, 668, 669, 672, 685, 686, 688, 689, 690, 691, 692, 693, 694, 695, 702, 703, 704, 705, 706, 707, 708, 709, 710, 711, 712, 713, 714, 715, 716, 719, 720, 728, 729, 730, 731, 732, 733, 734, 735, 736, 737, 738, 739, 752, 753, 755, 756, 757, 759, 760, 761, 762, 763, 764, 765, 769, 770, 772, 773, 786, 799, 800], "summary": {"covered_lines": 421, "num_statements": 467, "percent_covered": 90.14989293361884, "percent_covered_display": "90", "missing_lines": 46, "excluded_lines": 0, "percent_statements_covered": 90.14989293361884, "percent_statements_covered_display": "90"}, "missing_lines": [86, 95, 97, 102, 103, 110, 125, 136, 139, 143, 145, 148, 185, 215, 227, 228, 266, 269, 332, 333, 354, 362, 367, 368, 387, 422, 424, 432, 442, 492, 524, 553, 583, 587, 598, 599, 615, 617, 625, 626, 641, 647, 648, 649, 650, 651], "excluded_lines": []}}}, "resonance/core/artifacts.py": {"executed_lines": [1, 3, 5, 6, 7, 8, 10, 11, 12, 15, 16, 18, 21, 22, 24, 27, 28, 30, 33, 34, 35, 36, 38, 41, 42, 43, 44, 45, 49, 50, 51, 52, 53, 55, 57, 58, 61, 62, 63, 65, 69, 70, 71, 72, 73, 74, 108, 109, 110, 111, 112, 113, 154, 160], "summary": {"covered_lines": 53, "num_statements": 88, "percent_covered": 60.22727272727273, "percent_covered_display": "60", "missing_lines": 35, "excluded_lines": 0, "percent_statements_covered": 60.22727272727273, "percent_statements_covered_display": "60"}, "missing_lines": [17, 23, 29, 37, 54, 59, 64, 75, 84, 105, 115, 116, 117, 118, 119, 120, 122, 123, 124, 125, 126, 127, 128, 129, 139, 155, 156, 157, 161, 162, 163, 164, 165, 166, 167], "excluded_lines": [], "functions": {"_require": {"executed_lines": [16, 18], "summary": {"covered_lines": 2, "num_statements": 3, "percent_covered": 66.66666666666667, "percent_covered_display": "67", "missing_lines": 1, "excluded_lines": 0, "percent_statements_covered": 66.66666666666667, "percent_statements_covered_display": "67"}, "missing_lines": [17], "excluded_lines": []}, "_ensure_int": {"executed_lines": [22, 24], "summary": {"covered_lines": 2, "num_statements": 3, "percent_covered": 66.66666666666667, "percent_covered_display": "67", "missing_lines": 1, "excluded_lines": 0, "percent_statements_covered": 66.66666666666667, "percent_statements_covered_display": "67"}, "missing_lines": [23], "excluded_lines": []}, "_ensure_str": {"executed_lines": [28, 30], "summary": {"covered_lines": 2, "num_statements": 3, "percent_covered": 66.66666666666667, "percent_covered_display": "67", "missing_lines": 1, "excluded_lines": 0, "percent_statements_covered": 66.66666666666667, "percent_statements_covered_display": "67"}, "missing_lines": [29], "excluded_lines": []}, "_resolve_destination_path": {"executed_lines": [34, 35, 36, 38], "summary": {"covered_lines": 4, "num_statements": 5, "percent_covered": 80.0, "percent_covered_display": "80", "missing_lines": 1, "excluded_lines": 0, "percent_statements_covered": 80.0, "percent_statements_covered_display": "80"}, "missing_lines": [37], "excluded_lines": []}, "load_plan": {"executed_lines": [42, 43, 44, 45, 49, 50, 51, 52, 53, 55, 57, 58, 61, 62, 63, 65, 69, 70, 71, 72, 73, 74], "summary": {"covered_lines": 22, "num_statements": 28, "percent_covered": 78.57142857142857, "percent_covered_display": "79", "missing_lines": 6, "excluded_lines": 0, "percent_statements_covered": 78.57142857142857, "percent_statements_covered_display": "79"}, "missing_lines": [54, 59, 64, 75, 84, 105], "excluded_lines": []}, "load_tag_patch": {"executed_lines": [109, 110, 111, 112, 113], "summary": {"covered_lines": 5, "num_statements": 20, "percent_covered": 25.0, "percent_covered_display": "25", "missing_lines": 15, "excluded_lines": 0, "percent_statements_covered": 25.0, "percent_statements_covered_display": "25"}, "missing_lines": [115, 116, 117, 118, 119, 120, 122, 123, 124, 125, 126, 127, 128, 129, 139], "excluded_lines": []}, "serialize_plan": {"executed_lines": [], "summary": {"covered_lines": 0, "num_statements": 3, "percent_covered": 0.0, "percent_covered_display": "0", "missing_lines": 3, "excluded_lines": 0, "percent_statements_covered": 0.0, "percent_statements_covered_display": "0"}, "missing_lines": [155, 156, 157], "excluded_lines": []}, "_convert_paths": {"executed_lines": [], "summary": {"covered_lines": 0, "num_statements": 7, "percent_covered": 0.0, "percent_covered_display": "0", "missing_lines": 7, "excluded_lines": 0, "percent_statements_covered": 0.0, "percent_statements_covered_display": "0"}, "missing_lines": [161, 162, 163, 164, 165, 166, 167], "excluded_lines": []}, "": {"executed_lines": [1, 3, 5, 6, 7, 8, 10, 11, 12, 15, 21, 27, 33, 41, 108, 154, 160], "summary": {"covered_lines": 16, "num_statements": 16, "percent_covered": 100.0, "percent_covered_display": "100", "missing_lines": 0, "excluded_lines": 0, "percent_statements_covered": 100.0, "percent_statements_covered_display": "100"}, "missing_lines": [], "excluded_lines": []}}, "classes": {"": {"executed_lines": [1, 3, 5, 6, 7, 8, 10, 11, 12, 15, 16, 18, 21, 22, 24, 27, 28, 30, 33, 34, 35, 36, 38, 41, 42, 43, 44, 45, 49, 50, 51, 52, 53, 55, 57, 58, 61, 62, 63, 65, 69, 70, 71, 72, 73, 74, 108, 109, 110, 111, 112, 113, 154, 160], "summary": {"covered_lines": 53, "num_statements": 88, "percent_covered": 60.22727272727273, "percent_covered_display": "60", "missing_lines": 35, "excluded_lines": 0, "percent_statements_covered": 60.22727272727273, "percent_statements_covered_display": "60"}, "missing_lines": [17, 23, 29, 37, 54, 59, 64, 75, 84, 105, 115, 116, 117, 118, 119, 120, 122, 123, 124, 125, 126, 127, 128, 129, 139, 155, 156, 157, 161, 162, 163, 164, 165, 166, 167], "excluded_lines": []}}}, "resonance/core/enricher.py": {"executed_lines": [1, 6, 8, 9, 10, 11, 12, 13, 15, 16, 17, 18, 20, 23, 24, 25, 27, 28, 31, 32, 33, 35, 36, 37, 40, 41, 42, 44, 45, 46, 47, 48, 49, 50, 51, 52, 53, 54, 57, 64, 79, 80, 82, 83, 84, 85, 86, 87, 88, 89, 91, 92, 93, 96, 101, 102, 104, 105, 117, 132, 136, 143, 144, 151, 155, 156, 158, 163, 164, 165, 168, 169, 171, 188], "summary": {"covered_lines": 70, "num_statements": 71, "percent_covered": 98.59154929577464, "percent_covered_display": "99", "missing_lines": 1, "excluded_lines": 0, "percent_statements_covered": 98.59154929577464, "percent_statements_covered_display": "99"}, "missing_lines": [103], "excluded_lines": [], "functions": {"_empty_patch": {"executed_lines": [64], "summary": {"covered_lines": 1, "num_statements": 1, "percent_covered": 100.0, "percent_covered_display": "100", "missing_lines": 0, "excluded_lines": 0, "percent_statements_covered": 100.0, "percent_statements_covered_display": "100"}, "missing_lines": [], "excluded_lines": []}, "_stable_plan_hash": {"executed_lines": [80, 82, 91, 92, 93], "summary": {"covered_lines": 5, "num_statements": 5, "percent_covered": 100.0, "percent_covered_display": "100", "missing_lines": 0, "excluded_lines": 0, "percent_statements_covered": 100.0, "percent_statements_covered_display": "100"}, "missing_lines": [], "excluded_lines": []}, "_stable_plan_hash.convert_paths": {"executed_lines": [83, 84, 85, 86, 87, 88, 89], "summary": {"covered_lines": 7, "num_statements": 7, "percent_covered": 100.0, "percent_covered_display": "100", "missing_lines": 0, "excluded_lines": 0, "percent_statements_covered": 100.0, "percent_statements_covered_display": "100"}, "missing_lines": [], "excluded_lines": []}, "_provenance_tags": {"executed_lines": [101, 102, 104, 105], "summary": {"covered_lines": 4, "num_statements": 5, "percent_covered": 80.0, "percent_covered_display": "80", "missing_lines": 1, "excluded_lines": 0, "percent_statements_covered": 80.0, "percent_statements_covered_display": "80"}, "missing_lines": [103], "excluded_lines": []}, "build_tag_patch": {"executed_lines": [132, 136, 143, 144, 151, 155, 156, 158, 163, 164, 165, 168, 169, 171, 188], "summary": {"covered_lines": 15, "num_statements": 15, "percent_covered": 100.0, "percent_covered_display": "100", "missing_lines": 0, "excluded_lines": 0, "percent_statements_covered": 100.0, "percent_statements_covered_display": "100"}, "missing_lines": [], "excluded_lines": []}, "": {"executed_lines": [1, 6, 8, 9, 10, 11, 12, 13, 15, 16, 17, 18, 20, 23, 24, 25, 27, 28, 31, 32, 33, 35, 36, 37, 40, 41, 42, 44, 45, 46, 47, 48, 49, 50, 51, 52, 53, 54, 57, 79, 96, 117], "summary": {"covered_lines": 38, "num_statements": 38, "percent_covered": 100.0, "percent_covered_display": "100", "missing_lines": 0, "excluded_lines": 0, "percent_statements_covered": 100.0, "percent_statements_covered_display": "100"}, "missing_lines": [], "excluded_lines": []}}, "classes": {"AlbumTagPatch": {"executed_lines": [], "summary": {"covered_lines": 0, "num_statements": 0, "percent_covered": 100.0, "percent_covered_display": "100", "missing_lines": 0, "excluded_lines": 0, "percent_statements_covered": 100.0, "percent_statements_covered_display": "100"}, "missing_lines": [], "excluded_lines": []}, "TrackTagPatch": {"executed_lines": [], "summary": {"covered_lines": 0, "num_statements": 0, "percent_covered": 100.0, "percent_covered_display": "100", "missing_lines": 0, "excluded_lines": 0, "percent_statements_covered": 100.0, "percent_statements_covered_display": "100"}, "missing_lines": [], "excluded_lines": []}, "TagPatch": {"executed_lines": [], "summary": {"covered_lines": 0, "num_statements": 0, "percent_covered": 100.0, "percent_covered_display": "100", "missing_lines": 0, "excluded_lines": 0, "percent_statements_covered": 100.0, "percent_statements_covered_display": "100"}, "missing_lines": [], "excluded_lines": []}, "": {"executed_lines": [1, 6, 8, 9, 10, 11, 12, 13, 15, 16, 17, 18, 20, 23, 24, 25, 27, 28, 31, 32, 33, 35, 36, 37, 40, 41, 42, 44, 45, 46, 47, 48, 49, 50, 51, 52, 53, 54, 57, 64, 79, 80, 82, 83, 84, 85, 86, 87, 88, 89, 91, 92, 93, 96, 101, 102, 104, 105, 117, 132, 136, 143, 144, 151, 155, 156, 158, 163, 164, 165, 168, 169, 171, 188], "summary": {"covered_lines": 70, "num_statements": 71, "percent_covered": 98.59154929577464, "percent_covered_display": "99", "missing_lines": 1, "excluded_lines": 0, "percent_statements_covered": 98.59154929577464, "percent_statements_covered_display": "99"}, "missing_lines": [103], "excluded_lines": []}}}, "resonance/core/heuristics.py": {"executed_lines": [1, 6, 8, 9, 10, 11, 13, 14, 17, 20, 21, 22, 23, 24, 25, 26, 28, 42, 91], "summary": {"covered_lines": 17, "num_statements": 51, "percent_covered": 33.333333333333336, "percent_covered_display": "33", "missing_lines": 34, "excluded_lines": 0, "percent_statements_covered": 33.333333333333336, "percent_statements_covered_display": "33"}, "missing_lines": [30, 31, 32, 33, 34, 35, 36, 37, 38, 39, 58, 61, 62, 64, 65, 66, 68, 71, 72, 73, 75, 76, 79, 80, 81, 82, 84, 85, 86, 88, 93, 94, 95, 96], "excluded_lines": [], "functions": {"PathGuess.confidence": {"executed_lines": [], "summary": {"covered_lines": 0, "num_statements": 10, "percent_covered": 0.0, "percent_covered_display": "0", "missing_lines": 10, "excluded_lines": 0, "percent_statements_covered": 0.0, "percent_statements_covered_display": "0"}, "missing_lines": [30, 31, 32, 33, 34, 35, 36, 37, 38, 39], "excluded_lines": []}, "guess_metadata_from_path": {"executed_lines": [], "summary": {"covered_lines": 0, "num_statements": 20, "percent_covered": 0.0, "percent_covered_display": "0", "missing_lines": 20, "excluded_lines": 0, "percent_statements_covered": 0.0, "percent_statements_covered_display": "0"}, "missing_lines": [58, 61, 62, 64, 65, 66, 68, 71, 72, 73, 75, 76, 79, 80, 81, 82, 84, 85, 86, 88], "excluded_lines": []}, "_clean": {"executed_lines": [], "summary": {"covered_lines": 0, "num_statements": 4, "percent_covered": 0.0, "percent_covered_display": "0", "missing_lines": 4, "excluded_lines": 0, "percent_statements_covered": 0.0, "percent_statements_covered_display": "0"}, "missing_lines": [93, 94, 95, 96], "excluded_lines": []}, "": {"executed_lines": [1, 6, 8, 9, 10, 11, 13, 14, 17, 20, 21, 22, 23, 24, 25, 26, 28, 42, 91], "summary": {"covered_lines": 17, "num_statements": 17, "percent_covered": 100.0, "percent_covered_display": "100", "missing_lines": 0, "excluded_lines": 0, "percent_statements_covered": 100.0, "percent_statements_covered_display": "100"}, "missing_lines": [], "excluded_lines": []}}, "classes": {"PathGuess": {"executed_lines": [], "summary": {"covered_lines": 0, "num_statements": 10, "percent_covered": 0.0, "percent_covered_display": "0", "missing_lines": 10, "excluded_lines": 0, "percent_statements_covered": 0.0, "percent_statements_covered_display": "0"}, "missing_lines": [30, 31, 32, 33, 34, 35, 36, 37, 38, 39], "excluded_lines": []}, "": {"executed_lines": [1, 6, 8, 9, 10, 11, 13, 14, 17, 20, 21, 22, 23, 24, 25, 26, 28, 42, 91], "summary": {"covered_lines": 17, "num_statements": 41, "percent_covered": 41.46341463414634, "percent_covered_display": "41", "missing_lines": 24, "excluded_lines": 0, "percent_statements_covered": 41.46341463414634, "percent_statements_covered_display": "41"}, "missing_lines": [58, 61, 62, 64, 65, 66, 68, 71, 72, 73, 75, 76, 79, 80, 81, 82, 84, 85, 86, 88, 93, 94, 95, 96], "excluded_lines": []}}}, "resonance/core/identifier.py": {"executed_lines": [1, 7, 9, 10, 11, 12, 13, 16, 17, 19, 20, 21, 24, 25, 26, 28, 29, 30, 33, 34, 35, 37, 38, 39, 41, 42, 44, 47, 48, 49, 51, 52, 53, 54, 55, 56, 57, 60, 61, 62, 64, 65, 66, 67, 68, 69, 70, 72, 73, 75, 78, 79, 80, 82, 83, 84, 85, 86, 87, 89, 91, 92, 93, 94, 95, 98, 99, 100, 102, 103, 104, 105, 106, 108, 109, 111, 114, 115, 117, 126, 137, 148, 162, 163, 165, 166, 168, 173, 175, 182, 183, 184, 186, 187, 190, 191, 192, 201, 223, 224, 233, 235, 238, 244, 249, 250, 251, 253, 256, 259, 260, 261, 262, 263, 264, 266, 268, 271, 275, 278, 281, 282, 283, 284, 285, 288, 296, 306, 308, 309, 310, 311, 312, 313, 316, 332, 335, 350, 352, 353, 355, 358, 359, 360, 361, 362, 365, 368, 373, 376, 379, 380, 381, 384, 385, 388, 406, 409, 410, 413, 417, 418, 419, 420, 422, 429, 434, 439, 442, 445, 446, 447, 448, 450], "summary": {"covered_lines": 165, "num_statements": 178, "percent_covered": 92.69662921348315, "percent_covered_display": "93", "missing_lines": 13, "excluded_lines": 6, "percent_statements_covered": 92.69662921348315, "percent_statements_covered_display": "93"}, "missing_lines": [185, 188, 189, 193, 194, 195, 196, 197, 198, 265, 267, 269, 273], "excluded_lines": [124, 125, 133, 134, 135, 136], "functions": {"DirectoryEvidence.has_fingerprints": {"executed_lines": [44], "summary": {"covered_lines": 1, "num_statements": 1, "percent_covered": 100.0, "percent_covered_display": "100", "missing_lines": 0, "excluded_lines": 0, "percent_statements_covered": 100.0, "percent_statements_covered_display": "100"}, "missing_lines": [], "excluded_lines": []}, "ProviderRelease.track_count": {"executed_lines": [75], "summary": {"covered_lines": 1, "num_statements": 1, "percent_covered": 100.0, "percent_covered_display": "100", "missing_lines": 0, "excluded_lines": 0, "percent_statements_covered": 100.0, "percent_statements_covered_display": "100"}, "missing_lines": [], "excluded_lines": []}, "ReleaseScore.__lt__": {"executed_lines": [91, 92, 93, 94, 95], "summary": {"covered_lines": 5, "num_statements": 5, "percent_covered": 100.0, "percent_covered_display": "100", "missing_lines": 0, "excluded_lines": 0, "percent_statements_covered": 100.0, "percent_statements_covered_display": "100"}, "missing_lines": [], "excluded_lines": []}, "IdentificationResult.best_candidate": {"executed_lines": [111], "summary": {"covered_lines": 1, "num_statements": 1, "percent_covered": 100.0, "percent_covered_display": "100", "missing_lines": 0, "excluded_lines": 0, "percent_statements_covered": 100.0, "percent_statements_covered_display": "100"}, "missing_lines": [], "excluded_lines": []}, "ProviderClient.search_by_fingerprints": {"executed_lines": [], "summary": {"covered_lines": 0, "num_statements": 0, "percent_covered": 100.0, "percent_covered_display": "100", "missing_lines": 0, "excluded_lines": 1, "percent_statements_covered": 100.0, "percent_statements_covered_display": "100"}, "missing_lines": [], "excluded_lines": [124]}, "ProviderClient.search_by_metadata": {"executed_lines": [], "summary": {"covered_lines": 0, "num_statements": 0, "percent_covered": 100.0, "percent_covered_display": "100", "missing_lines": 0, "excluded_lines": 1, "percent_statements_covered": 100.0, "percent_statements_covered_display": "100"}, "missing_lines": [], "excluded_lines": [133]}, "extract_evidence": {"executed_lines": [162, 163, 165, 166, 168, 173, 175], "summary": {"covered_lines": 7, "num_statements": 7, "percent_covered": 100.0, "percent_covered_display": "100", "missing_lines": 0, "excluded_lines": 0, "percent_statements_covered": 100.0, "percent_statements_covered_display": "100"}, "missing_lines": [], "excluded_lines": []}, "_read_existing_tags": {"executed_lines": [183, 184, 186, 187, 190, 191, 192], "summary": {"covered_lines": 7, "num_statements": 16, "percent_covered": 43.75, "percent_covered_display": "44", "missing_lines": 9, "excluded_lines": 0, "percent_statements_covered": 43.75, "percent_statements_covered_display": "44"}, "missing_lines": [185, 188, 189, 193, 194, 195, 196, 197, 198], "excluded_lines": []}, "score_release": {"executed_lines": [223, 224, 233, 235, 238, 244, 249, 250, 251, 253, 256, 259, 260, 261, 262, 263, 264, 266, 268, 271, 275, 278, 281, 282, 283, 284, 285, 288, 296], "summary": {"covered_lines": 29, "num_statements": 33, "percent_covered": 87.87878787878788, "percent_covered_display": "88", "missing_lines": 4, "excluded_lines": 0, "percent_statements_covered": 87.87878787878788, "percent_statements_covered_display": "88"}, "missing_lines": [265, 267, 269, 273], "excluded_lines": []}, "_infer_release_kind": {"executed_lines": [308, 309, 310, 311, 312, 313], "summary": {"covered_lines": 6, "num_statements": 6, "percent_covered": 100.0, "percent_covered_display": "100", "missing_lines": 0, "excluded_lines": 0, "percent_statements_covered": 100.0, "percent_statements_covered_display": "100"}, "missing_lines": [], "excluded_lines": []}, "merge_and_rank_candidates": {"executed_lines": [332], "summary": {"covered_lines": 1, "num_statements": 1, "percent_covered": 100.0, "percent_covered_display": "100", "missing_lines": 0, "excluded_lines": 0, "percent_statements_covered": 100.0, "percent_statements_covered_display": "100"}, "missing_lines": [], "excluded_lines": []}, "calculate_tier": {"executed_lines": [350, 352, 353, 355, 358, 359, 360, 361, 362, 365, 368, 373, 376, 379, 380, 381, 384, 385], "summary": {"covered_lines": 18, "num_statements": 18, "percent_covered": 100.0, "percent_covered_display": "100", "missing_lines": 0, "excluded_lines": 0, "percent_statements_covered": 100.0, "percent_statements_covered_display": "100"}, "missing_lines": [], "excluded_lines": []}, "identify": {"executed_lines": [406, 409, 410, 413, 417, 418, 419, 420, 422, 429, 434, 439, 442, 445, 446, 447, 448, 450], "summary": {"covered_lines": 18, "num_statements": 18, "percent_covered": 100.0, "percent_covered_display": "100", "missing_lines": 0, "excluded_lines": 0, "percent_statements_covered": 100.0, "percent_statements_covered_display": "100"}, "missing_lines": [], "excluded_lines": []}, "": {"executed_lines": [1, 7, 9, 10, 11, 12, 13, 16, 17, 19, 20, 21, 24, 25, 26, 28, 29, 30, 33, 34, 35, 37, 38, 39, 41, 42, 47, 48, 49, 51, 52, 53, 54, 55, 56, 57, 60, 61, 62, 64, 65, 66, 67, 68, 69, 70, 72, 73, 78, 79, 80, 82, 83, 84, 85, 86, 87, 89, 98, 99, 100, 102, 103, 104, 105, 106, 108, 109, 114, 115, 117, 126, 137, 148, 182, 201, 306, 316, 335, 388], "summary": {"covered_lines": 71, "num_statements": 71, "percent_covered": 100.0, "percent_covered_display": "100", "missing_lines": 0, "excluded_lines": 4, "percent_statements_covered": 100.0, "percent_statements_covered_display": "100"}, "missing_lines": [], "excluded_lines": [125, 134, 135, 136]}}, "classes": {"ConfidenceTier": {"executed_lines": [], "summary": {"covered_lines": 0, "num_statements": 0, "percent_covered": 100.0, "percent_covered_display": "100", "missing_lines": 0, "excluded_lines": 0, "percent_statements_covered": 100.0, "percent_statements_covered_display": "100"}, "missing_lines": [], "excluded_lines": []}, "TrackEvidence": {"executed_lines": [], "summary": {"covered_lines": 0, "num_statements": 0, "percent_covered": 100.0, "percent_covered_display": "100", "missing_lines": 0, "excluded_lines": 0, "percent_statements_covered": 100.0, "percent_statements_covered_display": "100"}, "missing_lines": [], "excluded_lines": []}, "DirectoryEvidence": {"executed_lines": [44], "summary": {"covered_lines": 1, "num_statements": 1, "percent_covered": 100.0, "percent_covered_display": "100", "missing_lines": 0, "excluded_lines": 0, "percent_statements_covered": 100.0, "percent_statements_covered_display": "100"}, "missing_lines": [], "excluded_lines": []}, "ProviderTrack": {"executed_lines": [], "summary": {"covered_lines": 0, "num_statements": 0, "percent_covered": 100.0, "percent_covered_display": "100", "missing_lines": 0, "excluded_lines": 0, "percent_statements_covered": 100.0, "percent_statements_covered_display": "100"}, "missing_lines": [], "excluded_lines": []}, "ProviderRelease": {"executed_lines": [75], "summary": {"covered_lines": 1, "num_statements": 1, "percent_covered": 100.0, "percent_covered_display": "100", "missing_lines": 0, "excluded_lines": 0, "percent_statements_covered": 100.0, "percent_statements_covered_display": "100"}, "missing_lines": [], "excluded_lines": []}, "ReleaseScore": {"executed_lines": [91, 92, 93, 94, 95], "summary": {"covered_lines": 5, "num_statements": 5, "percent_covered": 100.0, "percent_covered_display": "100", "missing_lines": 0, "excluded_lines": 0, "percent_statements_covered": 100.0, "percent_statements_covered_display": "100"}, "missing_lines": [], "excluded_lines": []}, "IdentificationResult": {"executed_lines": [111], "summary": {"covered_lines": 1, "num_statements": 1, "percent_covered": 100.0, "percent_covered_display": "100", "missing_lines": 0, "excluded_lines": 0, "percent_statements_covered": 100.0, "percent_statements_covered_display": "100"}, "missing_lines": [], "excluded_lines": []}, "ProviderClient": {"executed_lines": [], "summary": {"covered_lines": 0, "num_statements": 0, "percent_covered": 100.0, "percent_covered_display": "100", "missing_lines": 0, "excluded_lines": 2, "percent_statements_covered": 100.0, "percent_statements_covered_display": "100"}, "missing_lines": [], "excluded_lines": [124, 133]}, "": {"executed_lines": [1, 7, 9, 10, 11, 12, 13, 16, 17, 19, 20, 21, 24, 25, 26, 28, 29, 30, 33, 34, 35, 37, 38, 39, 41, 42, 47, 48, 49, 51, 52, 53, 54, 55, 56, 57, 60, 61, 62, 64, 65, 66, 67, 68, 69, 70, 72, 73, 78, 79, 80, 82, 83, 84, 85, 86, 87, 89, 98, 99, 100, 102, 103, 104, 105, 106, 108, 109, 114, 115, 117, 126, 137, 148, 162, 163, 165, 166, 168, 173, 175, 182, 183, 184, 186, 187, 190, 191, 192, 201, 223, 224, 233, 235, 238, 244, 249, 250, 251, 253, 256, 259, 260, 261, 262, 263, 264, 266, 268, 271, 275, 278, 281, 282, 283, 284, 285, 288, 296, 306, 308, 309, 310, 311, 312, 313, 316, 332, 335, 350, 352, 353, 355, 358, 359, 360, 361, 362, 365, 368, 373, 376, 379, 380, 381, 384, 385, 388, 406, 409, 410, 413, 417, 418, 419, 420, 422, 429, 434, 439, 442, 445, 446, 447, 448, 450], "summary": {"covered_lines": 157, "num_statements": 170, "percent_covered": 92.3529411764706, "percent_covered_display": "92", "missing_lines": 13, "excluded_lines": 4, "percent_statements_covered": 92.3529411764706, "percent_statements_covered_display": "92"}, "missing_lines": [185, 188, 189, 193, 194, 195, 196, 197, 198, 265, 267, 269, 273], "excluded_lines": [125, 134, 135, 136]}}}, "resonance/core/identity/__init__.py": {"executed_lines": [1, 13, 14, 15, 29], "summary": {"covered_lines": 4, "num_statements": 4, "percent_covered": 100.0, "percent_covered_display": "100", "missing_lines": 0, "excluded_lines": 0, "percent_statements_covered": 100.0, "percent_statements_covered_display": "100"}, "missing_lines": [], "excluded_lines": [], "functions": {"": {"executed_lines": [1, 13, 14, 15, 29], "summary": {"covered_lines": 4, "num_statements": 4, "percent_covered": 100.0, "percent_covered_display": "100", "missing_lines": 0, "excluded_lines": 0, "percent_statements_covered": 100.0, "percent_statements_covered_display": "100"}, "missing_lines": [], "excluded_lines": []}}, "classes": {"": {"executed_lines": [1, 13, 14, 15, 29], "summary": {"covered_lines": 4, "num_statements": 4, "percent_covered": 100.0, "percent_covered_display": "100", "missing_lines": 0, "excluded_lines": 0, "percent_statements_covered": 100.0, "percent_statements_covered_display": "100"}, "missing_lines": [], "excluded_lines": []}}}, "resonance/core/identity/canonicalize.py": {"executed_lines": [1, 23, 25, 26, 30, 35, 46, 61, 62, 65, 68, 70, 73, 86, 89, 90, 92, 95, 108, 111, 112, 114, 122, 144, 145, 148, 149, 152, 155, 158, 162, 163, 166, 169, 172, 174, 177, 193, 196, 210, 218, 235, 236, 238, 239, 242, 243, 244, 245, 246, 248, 251, 254, 257, 258, 259, 261, 262, 263, 265, 268, 281, 282, 284, 285, 286, 287, 288, 290], "summary": {"covered_lines": 68, "num_statements": 70, "percent_covered": 97.14285714285714, "percent_covered_display": "97", "missing_lines": 2, "excluded_lines": 0, "percent_statements_covered": 97.14285714285714, "percent_statements_covered_display": "97"}, "missing_lines": [87, 109], "excluded_lines": [], "functions": {"display_artist": {"executed_lines": [61, 62, 65, 68, 70], "summary": {"covered_lines": 5, "num_statements": 5, "percent_covered": 100.0, "percent_covered_display": "100", "missing_lines": 0, "excluded_lines": 0, "percent_statements_covered": 100.0, "percent_statements_covered_display": "100"}, "missing_lines": [], "excluded_lines": []}, "display_album": {"executed_lines": [86, 89, 90, 92], "summary": {"covered_lines": 4, "num_statements": 5, "percent_covered": 80.0, "percent_covered_display": "80", "missing_lines": 1, "excluded_lines": 0, "percent_statements_covered": 80.0, "percent_statements_covered_display": "80"}, "missing_lines": [87], "excluded_lines": []}, "display_work": {"executed_lines": [108, 111, 112, 114], "summary": {"covered_lines": 4, "num_statements": 5, "percent_covered": 80.0, "percent_covered_display": "80", "missing_lines": 1, "excluded_lines": 0, "percent_statements_covered": 80.0, "percent_statements_covered_display": "80"}, "missing_lines": [109], "excluded_lines": []}, "match_key_artist": {"executed_lines": [144, 145, 148, 149, 152, 155, 158, 162, 163, 166, 169, 172, 174], "summary": {"covered_lines": 13, "num_statements": 13, "percent_covered": 100.0, "percent_covered_display": "100", "missing_lines": 0, "excluded_lines": 0, "percent_statements_covered": 100.0, "percent_statements_covered_display": "100"}, "missing_lines": [], "excluded_lines": []}, "match_key_album": {"executed_lines": [193], "summary": {"covered_lines": 1, "num_statements": 1, "percent_covered": 100.0, "percent_covered_display": "100", "missing_lines": 0, "excluded_lines": 0, "percent_statements_covered": 100.0, "percent_statements_covered_display": "100"}, "missing_lines": [], "excluded_lines": []}, "match_key_work": {"executed_lines": [210], "summary": {"covered_lines": 1, "num_statements": 1, "percent_covered": 100.0, "percent_covered_display": "100", "missing_lines": 0, "excluded_lines": 0, "percent_statements_covered": 100.0, "percent_statements_covered_display": "100"}, "missing_lines": [], "excluded_lines": []}, "split_names": {"executed_lines": [235, 236, 238, 239, 242, 243, 244, 245, 246, 248, 251, 254, 257, 258, 259, 261, 262, 263, 265], "summary": {"covered_lines": 19, "num_statements": 19, "percent_covered": 100.0, "percent_covered_display": "100", "missing_lines": 0, "excluded_lines": 0, "percent_statements_covered": 100.0, "percent_statements_covered_display": "100"}, "missing_lines": [], "excluded_lines": []}, "dedupe_names": {"executed_lines": [281, 282, 284, 285, 286, 287, 288, 290], "summary": {"covered_lines": 8, "num_statements": 8, "percent_covered": 100.0, "percent_covered_display": "100", "missing_lines": 0, "excluded_lines": 0, "percent_statements_covered": 100.0, "percent_statements_covered_display": "100"}, "missing_lines": [], "excluded_lines": []}, "": {"executed_lines": [1, 23, 25, 26, 30, 35, 46, 73, 95, 122, 177, 196, 218, 268], "summary": {"covered_lines": 13, "num_statements": 13, "percent_covered": 100.0, "percent_covered_display": "100", "missing_lines": 0, "excluded_lines": 0, "percent_statements_covered": 100.0, "percent_statements_covered_display": "100"}, "missing_lines": [], "excluded_lines": []}}, "classes": {"": {"executed_lines": [1, 23, 25, 26, 30, 35, 46, 61, 62, 65, 68, 70, 73, 86, 89, 90, 92, 95, 108, 111, 112, 114, 122, 144, 145, 148, 149, 152, 155, 158, 162, 163, 166, 169, 172, 174, 177, 193, 196, 210, 218, 235, 236, 238, 239, 242, 243, 244, 245, 246, 248, 251, 254, 257, 258, 259, 261, 262, 263, 265, 268, 281, 282, 284, 285, 286, 287, 288, 290], "summary": {"covered_lines": 68, "num_statements": 70, "percent_covered": 97.14285714285714, "percent_covered_display": "97", "missing_lines": 2, "excluded_lines": 0, "percent_statements_covered": 97.14285714285714, "percent_statements_covered_display": "97"}, "missing_lines": [87, 109], "excluded_lines": []}}}, "resonance/core/identity/canonicalizer.py": {"executed_lines": [1, 6, 8, 10, 12, 16, 17, 19, 23, 28, 29, 34, 40, 41, 43, 53, 57, 59, 60, 63, 66, 70, 71, 72, 73, 74, 76, 78, 91, 94, 95, 98, 99, 101, 102, 103, 104, 105, 106, 109], "summary": {"covered_lines": 36, "num_statements": 41, "percent_covered": 87.8048780487805, "percent_covered_display": "88", "missing_lines": 5, "excluded_lines": 7, "percent_statements_covered": 87.8048780487805, "percent_statements_covered_display": "88"}, "missing_lines": [54, 61, 67, 92, 96], "excluded_lines": [12, 13, 21, 22, 25, 26, 27], "functions": {"CanonicalCache.get_canonical_name": {"executed_lines": [], "summary": {"covered_lines": 0, "num_statements": 0, "percent_covered": 100.0, "percent_covered_display": "100", "missing_lines": 0, "excluded_lines": 1, "percent_statements_covered": 100.0, "percent_statements_covered_display": "100"}, "missing_lines": [], "excluded_lines": [21]}, "CanonicalCache.set_canonical_name": {"executed_lines": [], "summary": {"covered_lines": 0, "num_statements": 0, "percent_covered": 100.0, "percent_covered_display": "100", "missing_lines": 0, "excluded_lines": 1, "percent_statements_covered": 100.0, "percent_statements_covered_display": "100"}, "missing_lines": [], "excluded_lines": [25]}, "IdentityCanonicalizer.__init__": {"executed_lines": [40, 41], "summary": {"covered_lines": 2, "num_statements": 2, "percent_covered": 100.0, "percent_covered_display": "100", "missing_lines": 0, "excluded_lines": 0, "percent_statements_covered": 100.0, "percent_statements_covered_display": "100"}, "missing_lines": [], "excluded_lines": []}, "IdentityCanonicalizer.canonicalize": {"executed_lines": [53, 57, 59, 60, 63, 66, 70, 71, 72, 73, 74, 76], "summary": {"covered_lines": 12, "num_statements": 15, "percent_covered": 80.0, "percent_covered_display": "80", "missing_lines": 3, "excluded_lines": 0, "percent_statements_covered": 80.0, "percent_statements_covered_display": "80"}, "missing_lines": [54, 61, 67], "excluded_lines": []}, "IdentityCanonicalizer.canonicalize_multi": {"executed_lines": [91, 94, 95, 98, 99, 101, 102, 103, 104, 105, 106, 109], "summary": {"covered_lines": 12, "num_statements": 14, "percent_covered": 85.71428571428571, "percent_covered_display": "86", "missing_lines": 2, "excluded_lines": 0, "percent_statements_covered": 85.71428571428571, "percent_statements_covered_display": "86"}, "missing_lines": [92, 96], "excluded_lines": []}, "": {"executed_lines": [1, 6, 8, 10, 12, 16, 17, 19, 23, 28, 29, 34, 43, 78], "summary": {"covered_lines": 10, "num_statements": 10, "percent_covered": 100.0, "percent_covered_display": "100", "missing_lines": 0, "excluded_lines": 5, "percent_statements_covered": 100.0, "percent_statements_covered_display": "100"}, "missing_lines": [], "excluded_lines": [12, 13, 22, 26, 27]}}, "classes": {"CanonicalCache": {"executed_lines": [], "summary": {"covered_lines": 0, "num_statements": 0, "percent_covered": 100.0, "percent_covered_display": "100", "missing_lines": 0, "excluded_lines": 2, "percent_statements_covered": 100.0, "percent_statements_covered_display": "100"}, "missing_lines": [], "excluded_lines": [21, 25]}, "IdentityCanonicalizer": {"executed_lines": [40, 41, 53, 57, 59, 60, 63, 66, 70, 71, 72, 73, 74, 76, 91, 94, 95, 98, 99, 101, 102, 103, 104, 105, 106, 109], "summary": {"covered_lines": 26, "num_statements": 31, "percent_covered": 83.87096774193549, "percent_covered_display": "84", "missing_lines": 5, "excluded_lines": 0, "percent_statements_covered": 83.87096774193549, "percent_statements_covered_display": "84"}, "missing_lines": [54, 61, 67, 92, 96], "excluded_lines": []}, "": {"executed_lines": [1, 6, 8, 10, 12, 16, 17, 19, 23, 28, 29, 34, 43, 78], "summary": {"covered_lines": 10, "num_statements": 10, "percent_covered": 100.0, "percent_covered_display": "100", "missing_lines": 0, "excluded_lines": 5, "percent_statements_covered": 100.0, "percent_statements_covered_display": "100"}, "missing_lines": [], "excluded_lines": [12, 13, 22, 26, 27]}}}, "resonance/core/identity/matching.py": {"executed_lines": [1, 6, 8, 9, 12, 17, 19, 25, 51, 52, 55, 56, 59, 62, 65, 68, 69, 72, 75, 78, 80, 83, 85, 88, 89, 91, 92, 93, 94, 95, 96, 98, 99, 100, 101, 102, 103, 104, 107, 109, 110, 111, 112, 113, 114, 115, 116, 119, 130, 132, 133, 134, 136, 137, 139, 140, 142, 143, 144, 145, 146, 147], "summary": {"covered_lines": 61, "num_statements": 75, "percent_covered": 81.33333333333333, "percent_covered_display": "81", "missing_lines": 14, "excluded_lines": 0, "percent_statements_covered": 81.33333333333333, "percent_statements_covered_display": "81"}, "missing_lines": [86, 121, 122, 124, 125, 126, 127, 148, 150, 151, 153, 154, 155, 15
[...]
": {"executed_lines": [], "summary": {"covered_lines": 0, "num_statements": 0, "percent_covered": 100.0, "percent_covered_display": "100", "missing_lines": 0, "excluded_lines": 0, "percent_statements_covered": 100.0, "percent_statements_covered_display": "100"}, "missing_lines": [], "excluded_lines": []}}, "classes": {"": {"executed_lines": [], "summary": {"covered_lines": 0, "num_statements": 0, "percent_covered": 100.0, "percent_covered_display": "100", "missing_lines": 0, "excluded_lines": 0, "percent_statements_covered": 100.0, "percent_statements_covered_display": "100"}, "missing_lines": [], "excluded_lines": []}}}, "resonance/services/file_service.py": {"executed_lines": [], "summary": {"covered_lines": 0, "num_statements": 59, "percent_covered": 0.0, "percent_covered_display": "0", "missing_lines": 59, "excluded_lines": 0, "percent_statements_covered": 0.0, "percent_statements_covered_display": "0"}, "missing_lines": [3, 5, 6, 7, 9, 11, 14, 17, 24, 25, 27, 44, 47, 48, 49, 50, 52, 53, 54, 57, 58, 60, 61, 62, 65, 68, 69, 71, 73, 75, 85, 86, 90, 91, 92, 94, 97, 99, 101, 102, 103, 106, 107, 112, 114, 116, 118, 119, 120, 122, 123, 124, 125, 128, 129, 130, 132, 134, 143], "excluded_lines": [], "functions": {"FileService.__init__": {"executed_lines": [], "summary": {"covered_lines": 0, "num_statements": 2, "percent_covered": 0.0, "percent_covered_display": "0", "missing_lines": 2, "excluded_lines": 0, "percent_statements_covered": 0.0, "percent_statements_covered_display": "0"}, "missing_lines": [24, 25], "excluded_lines": []}, "FileService.move_track": {"executed_lines": [], "summary": {"covered_lines": 0, "num_statements": 18, "percent_covered": 0.0, "percent_covered_display": "0", "missing_lines": 18, "excluded_lines": 0, "percent_statements_covered": 0.0, "percent_statements_covered_display": "0"}, "missing_lines": [44, 47, 48, 49, 50, 52, 53, 54, 57, 58, 60, 61, 62, 65, 68, 69, 71, 73], "excluded_lines": []}, "FileService.delete_if_empty": {"executed_lines": [], "summary": {"covered_lines": 0, "num_statements": 27, "percent_covered": 0.0, "percent_covered_display": "0", "missing_lines": 27, "excluded_lines": 0, "percent_statements_covered": 0.0, "percent_statements_covered_display": "0"}, "missing_lines": [85, 86, 90, 91, 92, 94, 97, 99, 101, 102, 103, 106, 107, 112, 114, 116, 118, 119, 120, 122, 123, 124, 125, 128, 129, 130, 132], "excluded_lines": []}, "FileService.sanitize_filename": {"executed_lines": [], "summary": {"covered_lines": 0, "num_statements": 1, "percent_covered": 0.0, "percent_covered_display": "0", "missing_lines": 1, "excluded_lines": 0, "percent_statements_covered": 0.0, "percent_statements_covered_display": "0"}, "missing_lines": [143], "excluded_lines": []}, "": {"executed_lines": [], "summary": {"covered_lines": 0, "num_statements": 11, "percent_covered": 0.0, "percent_covered_display": "0", "missing_lines": 11, "excluded_lines": 0, "percent_statements_covered": 0.0, "percent_statements_covered_display": "0"}, "missing_lines": [3, 5, 6, 7, 9, 11, 14, 17, 27, 75, 134], "excluded_lines": []}}, "classes": {"FileService": {"executed_lines": [], "summary": {"covered_lines": 0, "num_statements": 48, "percent_covered": 0.0, "percent_covered_display": "0", "missing_lines": 48, "excluded_lines": 0, "percent_statements_covered": 0.0, "percent_statements_covered_display": "0"}, "missing_lines": [24, 25, 44, 47, 48, 49, 50, 52, 53, 54, 57, 58, 60, 61, 62, 65, 68, 69, 71, 73, 85, 86, 90, 91, 92, 94, 97, 99, 101, 102, 103, 106, 107, 112, 114, 116, 118, 119, 120, 122, 123, 124, 125, 128, 129, 130, 132, 143], "excluded_lines": []}, "": {"executed_lines": [], "summary": {"covered_lines": 0, "num_statements": 11, "percent_covered": 0.0, "percent_covered_display": "0", "missing_lines": 11, "excluded_lines": 0, "percent_statements_covered": 0.0, "percent_statements_covered_display": "0"}, "missing_lines": [3, 5, 6, 7, 9, 11, 14, 17, 27, 75, 134], "excluded_lines": []}}}, "resonance/services/tag_writer.py": {"executed_lines": [1, 3, 5, 6, 7, 8, 10, 11, 12, 13, 14, 29, 30, 31, 32, 33, 34, 37, 38, 39, 41, 43, 44, 45, 48, 49, 51, 54, 59, 63, 66, 67, 70, 71, 72, 73, 74, 77, 78, 79, 80, 81, 82, 84, 85, 86, 89, 90, 91, 92, 94, 95, 96, 97, 98, 99, 100, 101, 104, 105, 117, 118, 119, 120, 121, 122, 123, 124, 127, 128, 129, 130, 131, 132, 135, 136, 138, 139, 140, 141, 142, 143, 145, 148, 149, 150, 151, 152, 153, 154, 155, 156, 157, 158, 159, 160, 164, 165, 166, 170, 173, 174, 176, 182, 183, 184, 185, 186, 189, 190, 192, 200, 205, 206, 209, 210, 211, 212, 213, 214, 215, 216, 217, 218, 219, 220, 221, 222, 223, 224, 225, 226, 227, 228, 229, 230, 231, 233, 234, 235, 236, 237, 238, 239, 240, 242, 243, 244, 245, 248, 251, 252, 253, 254, 255, 256, 257, 258, 261, 262, 263, 264, 265, 266, 267, 268, 269, 270, 271, 272, 273, 274, 275, 276, 277, 278, 279, 280, 281, 282, 283, 284, 286, 287, 291, 292, 293, 294, 305, 306, 307, 311, 314, 320], "summary": {"covered_lines": 186, "num_statements": 227, "percent_covered": 81.93832599118943, "percent_covered_display": "82", "missing_lines": 41, "excluded_lines": 25, "percent_statements_covered": 81.93832599118943, "percent_statements_covered_display": "82"}, "missing_lines": [83, 93, 167, 168, 207, 232, 241, 246, 259, 260, 289, 312, 313, 321, 322, 323, 324, 325, 326, 327, 328, 329, 330, 331, 332, 333, 334, 335, 336, 337, 338, 339, 340, 341, 342, 343, 344, 346, 347, 348, 349], "excluded_lines": [15, 16, 17, 18, 19, 20, 21, 22, 23, 24, 25, 26, 50, 51, 52, 53, 54, 55, 56, 57, 58, 59, 60, 61, 62], "functions": {"TagSnapshot.from_tags": {"executed_lines": [45], "summary": {"covered_lines": 1, "num_statements": 1, "percent_covered": 100.0, "percent_covered_display": "100", "missing_lines": 0, "excluded_lines": 0, "percent_statements_covered": 100.0, "percent_statements_covered_display": "100"}, "missing_lines": [], "excluded_lines": []}, "TagWriter.read_tags": {"executed_lines": [], "summary": {"covered_lines": 0, "num_statements": 0, "percent_covered": 100.0, "percent_covered_display": "100", "missing_lines": 0, "excluded_lines": 1, "percent_statements_covered": 100.0, "percent_statements_covered_display": "100"}, "missing_lines": [], "excluded_lines": [52]}, "TagWriter.apply_patch": {"executed_lines": [], "summary": {"covered_lines": 0, "num_statements": 0, "percent_covered": 100.0, "percent_covered_display": "100", "missing_lines": 0, "excluded_lines": 1, "percent_statements_covered": 100.0, "percent_statements_covered_display": "100"}, "missing_lines": [], "excluded_lines": [57]}, "TagWriter.write_tags_exact": {"executed_lines": [], "summary": {"covered_lines": 0, "num_statements": 0, "percent_covered": 100.0, "percent_covered_display": "100", "missing_lines": 0, "excluded_lines": 1, "percent_statements_covered": 100.0, "percent_statements_covered_display": "100"}, "missing_lines": [], "excluded_lines": [60]}, "_collapse_whitespace": {"executed_lines": [67], "summary": {"covered_lines": 1, "num_statements": 1, "percent_covered": 100.0, "percent_covered_display": "100", "missing_lines": 0, "excluded_lines": 0, "percent_statements_covered": 100.0, "percent_statements_covered_display": "100"}, "missing_lines": [], "excluded_lines": []}, "_validate_tag_value": {"executed_lines": [71, 72, 73, 74], "summary": {"covered_lines": 4, "num_statements": 4, "percent_covered": 100.0, "percent_covered_display": "100", "missing_lines": 0, "excluded_lines": 0, "percent_statements_covered": 100.0, "percent_statements_covered_display": "100"}, "missing_lines": [], "excluded_lines": []}, "_normalize_scalar": {"executed_lines": [78, 79, 80, 81, 82, 84, 85, 86], "summary": {"covered_lines": 8, "num_statements": 9, "percent_covered": 88.88888888888889, "percent_covered_display": "89", "missing_lines": 1, "excluded_lines": 0, "percent_statements_covered": 88.88888888888889, "percent_statements_covered_display": "89"}, "missing_lines": [83], "excluded_lines": []}, "normalize_tag_set": {"executed_lines": [90, 91, 92, 94, 95, 96, 97, 98, 99, 100, 101], "summary": {"covered_lines": 11, "num_statements": 12, "percent_covered": 91.66666666666667, "percent_covered_display": "92", "missing_lines": 1, "excluded_lines": 0, "percent_statements_covered": 91.66666666666667, "percent_statements_covered_display": "92"}, "missing_lines": [93], "excluded_lines": []}, "_mp4_mapping": {"executed_lines": [105], "summary": {"covered_lines": 1, "num_statements": 1, "percent_covered": 100.0, "percent_covered_display": "100", "missing_lines": 0, "excluded_lines": 0, "percent_statements_covered": 100.0, "percent_statements_covered_display": "100"}, "missing_lines": [], "excluded_lines": []}, "format_tag_keys": {"executed_lines": [118, 119, 120, 121, 122, 123, 124], "summary": {"covered_lines": 7, "num_statements": 7, "percent_covered": 100.0, "percent_covered_display": "100", "missing_lines": 0, "excluded_lines": 0, "percent_statements_covered": 100.0, "percent_statements_covered_display": "100"}, "missing_lines": [], "excluded_lines": []}, "get_tag_writer": {"executed_lines": [128, 129, 130, 131, 132], "summary": {"covered_lines": 5, "num_statements": 5, "percent_covered": 100.0, "percent_covered_display": "100", "missing_lines": 0, "excluded_lines": 0, "percent_statements_covered": 100.0, "percent_statements_covered_display": "100"}, "missing_lines": [], "excluded_lines": []}, "MetaJsonTagWriter.read_tags": {"executed_lines": [139, 140, 141, 142, 143], "summary": {"covered_lines": 5, "num_statements": 5, "percent_covered": 100.0, "percent_covered_display": "100", "missing_lines": 0, "excluded_lines": 0, "percent_statements_covered": 100.0, "percent_statements_covered_display": "100"}, "missing_lines": [], "excluded_lines": []}, "MetaJsonTagWriter.apply_patch": {"executed_lines": [148, 149, 150, 151, 152, 153, 154, 155, 156, 157, 158, 159, 160, 164, 165, 166, 170, 173, 174, 176], "summary": {"covered_lines": 20, "num_statements": 22, "percent_covered": 90.9090909090909, "percent_covered_display": "91", "missing_lines": 2, "excluded_lines": 0, "percent_statements_covered": 90.9090909090909, "percent_statements_covered_display": "91"}, "missing_lines": [167, 168], "excluded_lines": []}, "MetaJsonTagWriter.write_tags_exact": {"executed_lines": [183, 184, 185, 186], "summary": {"covered_lines": 4, "num_statements": 4, "percent_covered": 100.0, "percent_covered_display": "100", "missing_lines": 0, "excluded_lines": 0, "percent_statements_covered": 100.0, "percent_statements_covered_display": "100"}, "missing_lines": [], "excluded_lines": []}, "MutagenTagWriter._require_mutagen": {"executed_lines": [206], "summary": {"covered_lines": 1, "num_statements": 2, "percent_covered": 50.0, "percent_covered_display": "50", "missing_lines": 1, "excluded_lines": 0, "percent_statements_covered": 50.0, "percent_statements_covered_display": "50"}, "missing_lines": [207], "excluded_lines": []}, "MutagenTagWriter.read_tags": {"executed_lines": [210, 211, 212, 213, 214, 215, 216, 217, 218, 219, 220, 221, 222, 223, 224, 225, 226, 227, 228, 229, 230, 231, 233, 234, 235, 236, 237, 238, 239, 240, 242, 243, 244, 245], "summary": {"covered_lines": 34, "num_statements": 37, "percent_covered": 91.89189189189189, "percent_covered_display": "92", "missing_lines": 3, "excluded_lines": 0, "percent_statements_covered": 91.89189189189189, "percent_statements_covered_display": "92"}, "missing_lines": [232, 241, 246], "excluded_lines": []}, "MutagenTagWriter.apply_patch": {"executed_lines": [251, 252, 253, 254, 255, 256, 257, 258, 261, 262, 263, 264, 265, 266, 267, 268, 269, 270, 271, 272, 273, 274, 275, 276, 277, 278, 279, 280, 281, 282, 283, 284, 286, 287, 291, 292, 293, 294, 305, 306, 307, 311, 314], "summary": {"covered_lines": 43, "num_statements": 48, "percent_covered": 89.58333333333333, "percent_covered_display": "90", "missing_lines": 5, "excluded_lines": 0, "percent_statements_covered": 89.58333333333333, "percent_statements_covered_display": "90"}, "missing_lines": [259, 260, 289, 312, 313], "excluded_lines": []}, "MutagenTagWriter.write_tags_exact": {"executed_lines": [], "summary": {"covered_lines": 0, "num_statements": 28, "percent_covered": 0.0, "percent_covered_display": "0", "missing_lines": 28, "excluded_lines": 0, "percent_statements_covered": 0.0, "percent_statements_covered_display": "0"}, "missing_lines": [321, 322, 323, 324, 325, 326, 327, 328, 329, 330, 331, 332, 333, 334, 335, 336, 337, 338, 339, 340, 341, 342, 343, 344, 346, 347, 348, 349], "excluded_lines": []}, "": {"executed_lines": [1, 3, 5, 6, 7, 8, 10, 11, 12, 13, 14, 29, 30, 31, 32, 33, 34, 37, 38, 39, 41, 43, 44, 48, 49, 51, 54, 59, 63, 66, 70, 77, 89, 104, 117, 127, 135, 136, 138, 145, 182, 189, 190, 192, 200, 205, 209, 248, 320], "summary": {"covered_lines": 41, "num_statements": 41, "percent_covered": 100.0, "percent_covered_display": "100", "missing_lines": 0, "excluded_lines": 22, "percent_statements_covered": 100.0, "percent_statements_covered_display": "100"}, "missing_lines": [], "excluded_lines": [15, 16, 17, 18, 19, 20, 21, 22, 23, 24, 25, 26, 50, 51, 53, 54, 55, 56, 58, 59, 61, 62]}}, "classes": {"TagWriteResult": {"executed_lines": [], "summary": {"covered_lines": 0, "num_statements": 0, "percent_covered": 100.0, "percent_covered_display": "100", "missing_lines": 0, "excluded_lines": 0, "percent_statements_covered": 100.0, "percent_statements_covered_display": "100"}, "missing_lines": [], "excluded_lines": []}, "TagSnapshot": {"executed_lines": [45], "summary": {"covered_lines": 1, "num_statements": 1, "percent_covered": 100.0, "percent_covered_display": "100", "missing_lines": 0, "excluded_lines": 0, "percent_statements_covered": 100.0, "percent_statements_covered_display": "100"}, "missing_lines": [], "excluded_lines": []}, "TagWriter": {"executed_lines": [], "summary": {"covered_lines": 0, "num_statements": 0, "percent_covered": 100.0, "percent_covered_display": "100", "missing_lines": 0, "excluded_lines": 3, "percent_statements_covered": 100.0, "percent_statements_covered_display": "100"}, "missing_lines": [], "excluded_lines": [52, 57, 60]}, "MetaJsonTagWriter": {"executed_lines": [139, 140, 141, 142, 143, 148, 149, 150, 151, 152, 153, 154, 155, 156, 157, 158, 159, 160, 164, 165, 166, 170, 173, 174, 176, 183, 184, 185, 186], "summary": {"covered_lines": 29, "num_statements": 31, "percent_covered": 93.54838709677419, "percent_covered_display": "94", "missing_lines": 2, "excluded_lines": 0, "percent_statements_covered": 93.54838709677419, "percent_statements_covered_display": "94"}, "missing_lines": [167, 168], "excluded_lines": []}, "MutagenTagWriter": {"executed_lines": [206, 210, 211, 212, 213, 214, 215, 216, 217, 218, 219, 220, 221, 222, 223, 224, 225, 226, 227, 228, 229, 230, 231, 233, 234, 235, 236, 237, 238, 239, 240, 242, 243, 244, 245, 251, 252, 253, 254, 255, 256, 257, 258, 261, 262, 263, 264, 265, 266, 267, 268, 269, 270, 271, 272, 273, 274, 275, 276, 277, 278, 279, 280, 281, 282, 283, 284, 286, 287, 291, 292, 293, 294, 305, 306, 307, 311, 314], "summary": {"covered_lines": 78, "num_statements": 115, "percent_covered": 67.82608695652173, "percent_covered_display": "68", "missing_lines": 37, "excluded_lines": 0, "percent_statements_covered": 67.82608695652173, "percent_statements_covered_display": "68"}, "missing_lines": [207, 232, 241, 246, 259, 260, 289, 312, 313, 321, 322, 323, 324, 325, 326, 327, 328, 329, 330, 331, 332, 333, 334, 335, 336, 337, 338, 339, 340, 341, 342, 343, 344, 346, 347, 348, 349], "excluded_lines": []}, "": {"executed_lines": [1, 3, 5, 6, 7, 8, 10, 11, 12, 13, 14, 29, 30, 31, 32, 33, 34, 37, 38, 39, 41, 43, 44, 48, 49, 51, 54, 59, 63, 66, 67, 70, 71, 72, 73, 74, 77, 78, 79, 80, 81, 82, 84, 85, 86, 89, 90, 91, 92, 94, 95, 96, 97, 98, 99, 100, 101, 104, 105, 117, 118, 119, 120, 121, 122, 123, 124, 127, 128, 129, 130, 131, 132, 135, 136, 138, 145, 182, 189, 190, 192, 200, 205, 209, 248, 320], "summary": {"covered_lines": 78, "num_statements": 80, "percent_covered": 97.5, "percent_covered_display": "98", "missing_lines": 2, "excluded_lines": 22, "percent_statements_covered": 97.5, "percent_statements_covered_display": "98"}, "missing_lines": [83, 93], "excluded_lines": [15, 16, 17, 18, 19, 20, 21, 22, 23, 24, 25, 26, 50, 51, 53, 54, 55, 56, 58, 59, 61, 62]}}}, "resonance/settings.py": {"executed_lines": [1, 3, 5, 6, 7, 8, 9, 12, 13, 14, 15, 18, 19, 20, 21, 22, 25, 26, 28, 29, 30, 31, 32, 33, 34, 43, 44, 47, 53, 54, 55, 56, 58, 59, 61, 64, 65, 66, 67, 68, 69, 70, 73, 74], "summary": {"covered_lines": 43, "num_statements": 45, "percent_covered": 95.55555555555556, "percent_covered_display": "96", "missing_lines": 2, "excluded_lines": 0, "percent_statements_covered": 95.55555555555556, "percent_statements_covered_display": "96"}, "missing_lines": [27, 60], "excluded_lines": [], "functions": {"load_settings": {"executed_lines": [26, 28, 29, 30, 31, 32, 33, 34], "summary": {"covered_lines": 8, "num_statements": 9, "percent_covered": 88.88888888888889, "percent_covered_display": "89", "missing_lines": 1, "excluded_lines": 0, "percent_statements_covered": 88.88888888888889, "percent_statements_covered_display": "89"}, "missing_lines": [27], "excluded_lines": []}, "default_config_path": {"executed_lines": [44], "summary": {"covered_lines": 1, "num_statements": 1, "percent_covered": 100.0, "percent_covered_display": "100", "missing_lines": 0, "excluded_lines": 0, "percent_statements_covered": 100.0, "percent_statements_covered_display": "100"}, "missing_lines": [], "excluded_lines": []}, "resolve_tag_writer_backend": {"executed_lines": [53, 54, 55, 56, 58, 59, 61], "summary": {"covered_lines": 7, "num_statements": 8, "percent_covered": 87.5, "percent_covered_display": "88", "missing_lines": 1, "excluded_lines": 0, "percent_statements_covered": 87.5, "percent_statements_covered_display": "88"}, "missing_lines": [60], "excluded_lines": []}, "settings_hash": {"executed_lines": [65, 66, 67, 68, 69, 70], "summary": {"covered_lines": 6, "num_statements": 6, "percent_covered": 100.0, "percent_covered_display": "100", "missing_lines": 0, "excluded_lines": 0, "percent_statements_covered": 100.0, "percent_statements_covered_display": "100"}, "missing_lines": [], "excluded_lines": []}, "_relevance_sets": {"executed_lines": [74], "summary": {"covered_lines": 1, "num_statements": 1, "percent_covered": 100.0, "percent_covered_display": "100", "missing_lines": 0, "excluded_lines": 0, "percent_statements_covered": 100.0, "percent_statements_covered_display": "100"}, "missing_lines": [], "excluded_lines": []}, "": {"executed_lines": [1, 3, 5, 6, 7, 8, 9, 12, 13, 14, 15, 18, 19, 20, 21, 22, 25, 43, 47, 64, 73], "summary": {"covered_lines": 20, "num_statements": 20, "percent_covered": 100.0, "percent_covered_display": "100", "missing_lines": 0, "excluded_lines": 0, "percent_statements_covered": 100.0, "percent_statements_covered_display": "100"}, "missing_lines": [], "excluded_lines": []}}, "classes": {"Settings": {"executed_lines": [], "summary": {"covered_lines": 0, "num_statements": 0, "percent_covered": 100.0, "percent_covered_display": "100", "missing_lines": 0, "excluded_lines": 0, "percent_statements_covered": 100.0, "percent_statements_covered_display": "100"}, "missing_lines": [], "excluded_lines": []}, "": {"executed_lines": [1, 3, 5, 6, 7, 8, 9, 12, 13, 14, 15, 18, 19, 20, 21, 22, 25, 26, 28, 29, 30, 31, 32, 33, 34, 43, 44, 47, 53, 54, 55, 56, 58, 59, 61, 64, 65, 66, 67, 68, 69, 70, 73, 74], "summary": {"covered_lines": 43, "num_statements": 45, "percent_covered": 95.55555555555556, "percent_covered_display": "96", "missing_lines": 2, "excluded_lines": 0, "percent_statements_covered": 95.55555555555556, "percent_statements_covered_display": "96"}, "missing_lines": [27, 60], "excluded_lines": []}}}}, "totals": {"covered_lines": 3004, "num_statements": 4546, "percent_covered": 66.08007039155301, "percent_covered_display": "66", "missing_lines": 1542, "excluded_lines": 44, "percent_statements_covered": 66.08007039155301, "percent_statements_covered_display": "66"}}